TN:
SF:app/layout.tsx
FN:14,RootLayout
FNF:1
FNH:0
FNDA:0,RootLayout
DA:2,0
DA:3,0
DA:5,0
DA:6,0
DA:8,0
DA:14,0
LF:6
LH:0
BRF:0
BRH:0
end_of_record
TN:
SF:app/loading.tsx
FN:1,Loading
FNF:1
FNH:0
FNDA:0,Loading
DA:1,0
DA:2,0
LF:2
LH:0
BRF:0
BRH:0
end_of_record
TN:
SF:app/page.tsx
FN:33,Home
FN:59,(anonymous_2)
FN:60,(anonymous_3)
FN:64,(anonymous_4)
FN:68,(anonymous_5)
FN:78,(anonymous_6)
FN:79,(anonymous_7)
FN:80,(anonymous_8)
FN:83,(anonymous_9)
FN:84,(anonymous_10)
FN:87,(anonymous_11)
FN:88,(anonymous_12)
FN:91,(anonymous_13)
FN:92,(anonymous_14)
FN:97,(anonymous_15)
FN:102,(anonymous_16)
FN:108,(anonymous_17)
FN:109,(anonymous_18)
FN:112,(anonymous_19)
FN:113,(anonymous_20)
FN:120,(anonymous_21)
FN:155,(anonymous_22)
FN:156,(anonymous_23)
FN:164,(anonymous_24)
FN:168,(anonymous_25)
FN:189,(anonymous_26)
FN:189,(anonymous_27)
FN:212,(anonymous_28)
FN:224,(anonymous_29)
FN:224,(anonymous_30)
FN:228,(anonymous_31)
FN:254,(anonymous_32)
FN:259,(anonymous_33)
FN:260,(anonymous_34)
FN:271,(anonymous_35)
FN:279,(anonymous_36)
FN:290,(anonymous_37)
FN:306,(anonymous_38)
FN:314,(anonymous_39)
FN:324,(anonymous_40)
FN:328,(anonymous_41)
FN:337,(anonymous_42)
FN:353,(anonymous_43)
FN:354,(anonymous_44)
FN:361,(anonymous_45)
FN:369,(anonymous_46)
FN:372,(anonymous_47)
FN:376,(anonymous_48)
FN:380,(anonymous_49)
FN:394,(anonymous_50)
FN:419,(anonymous_51)
FN:429,(anonymous_52)
FN:441,(anonymous_53)
FN:451,(anonymous_54)
FN:456,(anonymous_55)
FN:462,(anonymous_56)
FN:466,(anonymous_57)
FN:467,(anonymous_58)
FN:478,(anonymous_59)
FN:479,(anonymous_60)
FN:484,(anonymous_61)
FN:491,(anonymous_62)
FN:494,(anonymous_63)
FN:497,(anonymous_64)
FN:500,(anonymous_65)
FN:515,(anonymous_66)
FN:518,(anonymous_67)
FN:521,(anonymous_68)
FN:541,(anonymous_69)
FN:567,(anonymous_70)
FN:580,(anonymous_71)
FN:589,(anonymous_72)
FN:598,(anonymous_73)
FN:645,(anonymous_74)
FN:715,(anonymous_75)
FN:722,(anonymous_76)
FNF:76
FNH:0
FNDA:0,Home
FNDA:0,(anonymous_2)
FNDA:0,(anonymous_3)
FNDA:0,(anonymous_4)
FNDA:0,(anonymous_5)
FNDA:0,(anonymous_6)
FNDA:0,(anonymous_7)
FNDA:0,(anonymous_8)
FNDA:0,(anonymous_9)
FNDA:0,(anonymous_10)
FNDA:0,(anonymous_11)
FNDA:0,(anonymous_12)
FNDA:0,(anonymous_13)
FNDA:0,(anonymous_14)
FNDA:0,(anonymous_15)
FNDA:0,(anonymous_16)
FNDA:0,(anonymous_17)
FNDA:0,(anonymous_18)
FNDA:0,(anonymous_19)
FNDA:0,(anonymous_20)
FNDA:0,(anonymous_21)
FNDA:0,(anonymous_22)
FNDA:0,(anonymous_23)
FNDA:0,(anonymous_24)
FNDA:0,(anonymous_25)
FNDA:0,(anonymous_26)
FNDA:0,(anonymous_27)
FNDA:0,(anonymous_28)
FNDA:0,(anonymous_29)
FNDA:0,(anonymous_30)
FNDA:0,(anonymous_31)
FNDA:0,(anonymous_32)
FNDA:0,(anonymous_33)
FNDA:0,(anonymous_34)
FNDA:0,(anonymous_35)
FNDA:0,(anonymous_36)
FNDA:0,(anonymous_37)
FNDA:0,(anonymous_38)
FNDA:0,(anonymous_39)
FNDA:0,(anonymous_40)
FNDA:0,(anonymous_41)
FNDA:0,(anonymous_42)
FNDA:0,(anonymous_43)
FNDA:0,(anonymous_44)
FNDA:0,(anonymous_45)
FNDA:0,(anonymous_46)
FNDA:0,(anonymous_47)
FNDA:0,(anonymous_48)
FNDA:0,(anonymous_49)
FNDA:0,(anonymous_50)
FNDA:0,(anonymous_51)
FNDA:0,(anonymous_52)
FNDA:0,(anonymous_53)
FNDA:0,(anonymous_54)
FNDA:0,(anonymous_55)
FNDA:0,(anonymous_56)
FNDA:0,(anonymous_57)
FNDA:0,(anonymous_58)
FNDA:0,(anonymous_59)
FNDA:0,(anonymous_60)
FNDA:0,(anonymous_61)
FNDA:0,(anonymous_62)
FNDA:0,(anonymous_63)
FNDA:0,(anonymous_64)
FNDA:0,(anonymous_65)
FNDA:0,(anonymous_66)
FNDA:0,(anonymous_67)
FNDA:0,(anonymous_68)
FNDA:0,(anonymous_69)
FNDA:0,(anonymous_70)
FNDA:0,(anonymous_71)
FNDA:0,(anonymous_72)
FNDA:0,(anonymous_73)
FNDA:0,(anonymous_74)
FNDA:0,(anonymous_75)
FNDA:0,(anonymous_76)
DA:3,0
DA:4,0
DA:5,0
DA:6,0
DA:22,0
DA:23,0
DA:24,0
DA:25,0
DA:26,0
DA:27,0
DA:28,0
DA:30,0
DA:31,0
DA:33,0
DA:34,0
DA:35,0
DA:36,0
DA:37,0
DA:38,0
DA:39,0
DA:40,0
DA:41,0
DA:42,0
DA:43,0
DA:44,0
DA:45,0
DA:46,0
DA:47,0
DA:48,0
DA:49,0
DA:50,0
DA:51,0
DA:52,0
DA:53,0
DA:54,0
DA:55,0
DA:56,0
DA:59,0
DA:60,0
DA:61,0
DA:63,0
DA:64,0
DA:68,0
DA:69,0
DA:70,0
DA:71,0
DA:72,0
DA:73,0
DA:78,0
DA:79,0
DA:80,0
DA:83,0
DA:84,0
DA:87,0
DA:88,0
DA:91,0
DA:92,0
DA:97,0
DA:98,0
DA:102,0
DA:103,0
DA:107,0
DA:109,0
DA:112,0
DA:113,0
DA:120,0
DA:121,0
DA:122,0
DA:124,0
DA:125,0
DA:127,0
DA:129,0
DA:130,0
DA:131,0
DA:132,0
DA:133,0
DA:135,0
DA:137,0
DA:138,0
DA:139,0
DA:140,0
DA:142,0
DA:145,0
DA:148,0
DA:150,0
DA:155,0
DA:156,0
DA:157,0
DA:158,0
DA:160,0
DA:164,0
DA:168,0
DA:169,0
DA:171,0
DA:172,0
DA:174,0
DA:179,0
DA:181,0
DA:183,0
DA:184,0
DA:185,0
DA:186,0
DA:188,0
DA:189,0
DA:191,0
DA:192,0
DA:193,0
DA:196,0
DA:197,0
DA:198,0
DA:202,0
DA:205,0
DA:207,0
DA:212,0
DA:213,0
DA:215,0
DA:216,0
DA:217,0
DA:218,0
DA:220,0
DA:221,0
DA:222,0
DA:223,0
DA:224,0
DA:226,0
DA:227,0
DA:228,0
DA:231,0
DA:232,0
DA:233,0
DA:234,0
DA:235,0
DA:237,0
DA:240,0
DA:244,0
DA:247,0
DA:249,0
DA:254,0
DA:255,0
DA:256,0
DA:257,0
DA:258,0
DA:259,0
DA:260,0
DA:262,0
DA:264,0
DA:265,0
DA:270,0
DA:272,0
DA:273,0
DA:274,0
DA:275,0
DA:278,0
DA:279,0
DA:282,0
DA:283,0
DA:289,0
DA:291,0
DA:292,0
DA:293,0
DA:294,0
DA:297,0
DA:306,0
DA:307,0
DA:309,0
DA:310,0
DA:313,0
DA:314,0
DA:315,0
DA:316,0
DA:323,0
DA:325,0
DA:326,0
DA:328,0
DA:329,0
DA:330,0
DA:336,0
DA:338,0
DA:340,0
DA:341,0
DA:342,0
DA:344,0
DA:345,0
DA:346,0
DA:349,0
DA:352,0
DA:353,0
DA:354,0
DA:356,0
DA:357,0
DA:358,0
DA:361,0
DA:364,0
DA:368,0
DA:369,0
DA:370,0
DA:372,0
DA:373,0
DA:374,0
DA:376,0
DA:377,0
DA:378,0
DA:380,0
DA:381,0
DA:382,0
DA:387,0
DA:388,0
DA:394,0
DA:395,0
DA:415,0
DA:419,0
DA:420,0
DA:425,0
DA:429,0
DA:430,0
DA:431,0
DA:432,0
DA:435,0
DA:436,0
DA:441,0
DA:442,0
DA:443,0
DA:444,0
DA:446,0
DA:447,0
DA:451,0
DA:452,0
DA:456,0
DA:457,0
DA:459,0
DA:462,0
DA:463,0
DA:466,0
DA:467,0
DA:468,0
DA:471,0
DA:475,0
DA:477,0
DA:478,0
DA:479,0
DA:480,0
DA:481,0
DA:482,0
DA:484,0
DA:490,0
DA:491,0
DA:492,0
DA:494,0
DA:495,0
DA:497,0
DA:498,0
DA:500,0
DA:501,0
DA:507,0
DA:510,0
DA:511,0
DA:512,0
DA:515,0
DA:516,0
DA:517,0
DA:518,0
DA:520,0
DA:521,0
DA:523,0
DA:541,0
DA:567,0
DA:580,0
DA:589,0
DA:598,0
DA:645,0
DA:716,0
DA:722,0
LF:272
LH:0
BRDA:70,0,0,0
BRDA:70,0,1,0
BRDA:135,1,0,0
BRDA:135,1,1,0
BRDA:157,2,0,0
BRDA:157,2,1,0
BRDA:168,3,0,0
BRDA:169,4,0,0
BRDA:169,4,1,0
BRDA:183,5,0,0
BRDA:183,5,1,0
BRDA:199,6,0,0
BRDA:199,6,1,0
BRDA:199,6,2,0
BRDA:213,7,0,0
BRDA:213,7,1,0
BRDA:213,8,0,0
BRDA:213,8,1,0
BRDA:217,9,0,0
BRDA:217,9,1,0
BRDA:221,10,0,0
BRDA:221,10,1,0
BRDA:231,11,0,0
BRDA:231,11,1,0
BRDA:257,12,0,0
BRDA:257,12,1,0
BRDA:273,13,0,0
BRDA:273,13,1,0
BRDA:278,14,0,0
BRDA:278,14,1,0
BRDA:283,15,0,0
BRDA:283,15,1,0
BRDA:292,16,0,0
BRDA:292,16,1,0
BRDA:300,17,0,0
BRDA:300,17,1,0
BRDA:301,18,0,0
BRDA:301,18,1,0
BRDA:303,19,0,0
BRDA:303,19,1,0
BRDA:310,20,0,0
BRDA:310,20,1,0
BRDA:313,21,0,0
BRDA:313,21,1,0
BRDA:316,22,0,0
BRDA:316,22,1,0
BRDA:326,23,0,0
BRDA:326,23,1,0
BRDA:330,24,0,0
BRDA:330,24,1,0
BRDA:344,25,0,0
BRDA:344,25,1,0
BRDA:344,26,0,0
BRDA:344,26,1,0
BRDA:352,27,0,0
BRDA:352,27,1,0
BRDA:357,28,0,0
BRDA:357,28,1,0
BRDA:368,29,0,0
BRDA:368,29,1,0
BRDA:370,30,0,0
BRDA:370,30,1,0
BRDA:370,30,2,0
BRDA:376,31,0,0
BRDA:376,31,1,0
BRDA:376,32,0,0
BRDA:376,32,1,0
BRDA:380,33,0,0
BRDA:380,33,1,0
BRDA:415,34,0,0
BRDA:415,34,1,0
BRDA:425,35,0,0
BRDA:425,35,1,0
BRDA:431,36,0,0
BRDA:431,36,1,0
BRDA:443,37,0,0
BRDA:443,37,1,0
BRDA:459,38,0,0
BRDA:459,38,1,0
BRDA:459,38,2,0
BRDA:475,39,0,0
BRDA:475,39,1,0
BRDA:475,40,0,0
BRDA:475,40,1,0
BRDA:477,41,0,0
BRDA:477,41,1,0
BRDA:481,42,0,0
BRDA:481,42,1,0
BRDA:490,43,0,0
BRDA:490,43,1,0
BRDA:492,44,0,0
BRDA:492,44,1,0
BRDA:492,44,2,0
BRDA:497,45,0,0
BRDA:497,45,1,0
BRDA:497,46,0,0
BRDA:497,46,1,0
BRDA:500,47,0,0
BRDA:500,47,1,0
BRDA:517,48,0,0
BRDA:517,48,1,0
BRDA:520,49,0,0
BRDA:520,49,1,0
BRDA:523,50,0,0
BRDA:523,50,1,0
BRDA:534,51,0,0
BRDA:569,52,0,0
BRDA:579,53,0,0
BRDA:579,53,1,0
BRDA:581,54,0,0
BRDA:581,54,1,0
BRDA:588,55,0,0
BRDA:588,55,1,0
BRDA:590,56,0,0
BRDA:590,56,1,0
BRDA:597,57,0,0
BRDA:597,57,1,0
BRDA:599,58,0,0
BRDA:599,58,1,0
BRDA:607,59,0,0
BRDA:627,60,0,0
BRDA:627,60,1,0
BRDA:627,60,2,0
BRDA:631,61,0,0
BRDA:631,61,1,0
BRDA:631,61,2,0
BRDA:638,62,0,0
BRDA:638,62,1,0
BRDA:639,63,0,0
BRDA:639,63,1,0
BRDA:640,64,0,0
BRDA:640,64,1,0
BRDA:663,65,0,0
BRDA:663,65,1,0
BRDA:663,65,2,0
BRDA:676,66,0,0
BRDA:681,67,0,0
BRDA:683,68,0,0
BRDA:684,69,0,0
BRDA:685,70,0,0
BRDA:686,71,0,0
BRDA:687,72,0,0
BRDA:690,73,0,0
BRDA:690,73,1,0
BRDA:691,74,0,0
BRDA:691,74,1,0
BRDA:692,75,0,0
BRDA:692,75,1,0
BRDA:693,76,0,0
BRDA:693,76,1,0
BRDA:693,77,0,0
BRDA:693,77,1,0
BRDA:696,78,0,0
BRDA:696,78,1,0
BRDA:696,79,0,0
BRDA:696,79,1,0
BRDA:699,80,0,0
BRDA:699,80,1,0
BRDA:699,81,0,0
BRDA:699,81,1,0
BRDA:702,82,0,0
BRDA:702,82,1,0
BRDA:702,83,0,0
BRDA:702,83,1,0
BRDA:705,84,0,0
BRDA:705,84,1,0
BRDA:705,85,0,0
BRDA:705,85,1,0
BRDA:728,86,0,0
BRDA:728,86,1,0
BRDA:737,87,0,0
BRDA:754,88,0,0
BRF:172
BRH:0
end_of_record
TN:
SF:components/api-key-dialog.tsx
FN:17,ApiKeyDialog
FN:20,(anonymous_2)
FN:27,(anonymous_3)
FN:58,(anonymous_4)
FNF:4
FNH:0
FNDA:0,ApiKeyDialog
FNDA:0,(anonymous_2)
FNDA:0,(anonymous_3)
FNDA:0,(anonymous_4)
DA:3,0
DA:4,0
DA:5,0
DA:6,0
DA:7,0
DA:8,0
DA:17,0
DA:18,0
DA:20,0
DA:21,0
DA:22,0
DA:23,0
DA:27,0
DA:28,0
DA:58,0
LF:15
LH:0
BRDA:18,0,0,0
BRDA:18,0,1,0
BRDA:21,1,0,0
BRDA:21,1,1,0
BRF:4
BRH:0
end_of_record
TN:
SF:components/auth-dialog.tsx
FN:19,AuthDialog
FN:25,(anonymous_2)
FN:44,(anonymous_3)
FN:75,(anonymous_4)
FN:127,(anonymous_5)
FN:145,(anonymous_6)
FN:177,(anonymous_7)
FN:195,(anonymous_8)
FN:213,(anonymous_9)
FN:231,(anonymous_10)
FNF:10
FNH:0
FNDA:0,AuthDialog
FNDA:0,(anonymous_2)
FNDA:0,(anonymous_3)
FNDA:0,(anonymous_4)
FNDA:0,(anonymous_5)
FNDA:0,(anonymous_6)
FNDA:0,(anonymous_7)
FNDA:0,(anonymous_8)
FNDA:0,(anonymous_9)
FNDA:0,(anonymous_10)
DA:4,0
DA:5,0
DA:6,0
DA:7,0
DA:8,0
DA:9,0
DA:10,0
DA:11,0
DA:19,0
DA:20,0
DA:21,0
DA:22,0
DA:23,0
DA:25,0
DA:26,0
DA:27,0
DA:28,0
DA:30,0
DA:31,0
DA:33,0
DA:34,0
DA:35,0
DA:36,0
DA:38,0
DA:41,0
DA:44,0
DA:45,0
DA:46,0
DA:47,0
DA:49,0
DA:50,0
DA:51,0
DA:52,0
DA:55,0
DA:56,0
DA:57,0
DA:58,0
DA:61,0
DA:62,0
DA:64,0
DA:65,0
DA:66,0
DA:67,0
DA:69,0
DA:72,0
DA:75,0
DA:76,0
DA:127,0
DA:145,0
DA:177,0
DA:195,0
DA:213,0
DA:231,0
LF:53
LH:0
BRDA:31,0,0,0
BRDA:31,0,1,0
BRDA:33,1,0,0
BRDA:33,1,1,0
BRDA:38,2,0,0
BRDA:38,2,1,0
BRDA:49,3,0,0
BRDA:49,3,1,0
BRDA:55,4,0,0
BRDA:55,4,1,0
BRDA:62,5,0,0
BRDA:62,5,1,0
BRDA:64,6,0,0
BRDA:64,6,1,0
BRDA:69,7,0,0
BRDA:69,7,1,0
BRDA:151,8,0,0
BRDA:158,9,0,0
BRDA:158,9,1,0
BRDA:237,10,0,0
BRDA:244,11,0,0
BRDA:244,11,1,0
BRF:22
BRH:0
end_of_record
TN:
SF:components/film-reel.tsx
FN:1,FilmReel
FN:5,(anonymous_2)
FN:10,(anonymous_3)
FNF:3
FNH:0
FNDA:0,FilmReel
FNDA:0,(anonymous_2)
FNDA:0,(anonymous_3)
DA:1,0
DA:6,0
DA:11,0
LF:3
LH:0
BRF:0
BRH:0
end_of_record
TN:
SF:components/filter-dialog.tsx
FN:47,FilterDialog
FN:59,(anonymous_2)
FN:60,(anonymous_3)
FN:63,(anonymous_4)
FN:72,(anonymous_5)
FN:79,(anonymous_6)
FN:87,(anonymous_7)
FN:88,(anonymous_8)
FN:90,(anonymous_9)
FN:98,(anonymous_10)
FN:99,(anonymous_11)
FN:101,(anonymous_12)
FN:109,(anonymous_13)
FN:110,(anonymous_14)
FN:110,(anonymous_15)
FN:113,(anonymous_16)
FN:114,(anonymous_17)
FN:114,(anonymous_18)
FN:134,(anonymous_19)
FN:135,(anonymous_20)
FN:140,(anonymous_21)
FN:141,(anonymous_22)
FN:146,(anonymous_23)
FN:161,(anonymous_24)
FN:168,(anonymous_25)
FN:183,(anonymous_26)
FN:190,(anonymous_27)
FNF:27
FNH:0
FNDA:0,FilterDialog
FNDA:0,(anonymous_2)
FNDA:0,(anonymous_3)
FNDA:0,(anonymous_4)
FNDA:0,(anonymous_5)
FNDA:0,(anonymous_6)
FNDA:0,(anonymous_7)
FNDA:0,(anonymous_8)
FNDA:0,(anonymous_9)
FNDA:0,(anonymous_10)
FNDA:0,(anonymous_11)
FNDA:0,(anonymous_12)
FNDA:0,(anonymous_13)
FNDA:0,(anonymous_14)
FNDA:0,(anonymous_15)
FNDA:0,(anonymous_16)
FNDA:0,(anonymous_17)
FNDA:0,(anonymous_18)
FNDA:0,(anonymous_19)
FNDA:0,(anonymous_20)
FNDA:0,(anonymous_21)
FNDA:0,(anonymous_22)
FNDA:0,(anonymous_23)
FNDA:0,(anonymous_24)
FNDA:0,(anonymous_25)
FNDA:0,(anonymous_26)
FNDA:0,(anonymous_27)
DA:3,0
DA:4,0
DA:5,0
DA:6,0
DA:7,0
DA:10,0
DA:33,0
DA:47,0
DA:54,0
DA:55,0
DA:58,0
DA:59,0
DA:60,0
DA:63,0
DA:64,0
DA:65,0
DA:66,0
DA:68,0
DA:72,0
DA:73,0
DA:74,0
DA:75,0
DA:79,0
DA:80,0
DA:81,0
DA:82,0
DA:83,0
DA:87,0
DA:88,0
DA:89,0
DA:90,0
DA:92,0
DA:98,0
DA:99,0
DA:100,0
DA:101,0
DA:103,0
DA:109,0
DA:110,0
DA:113,0
DA:114,0
DA:117,0
DA:135,0
DA:141,0
DA:142,0
DA:146,0
DA:162,0
DA:168,0
DA:184,0
DA:190,0
LF:50
LH:0
BRDA:64,0,0,0
BRDA:64,0,1,0
BRDA:89,1,0,0
BRDA:89,1,1,0
BRDA:100,2,0,0
BRDA:100,2,1,0
BRDA:124,3,0,0
BRDA:124,3,1,0
BRDA:130,4,0,0
BRDA:166,5,0,0
BRDA:166,5,1,0
BRDA:188,6,0,0
BRDA:188,6,1,0
BRDA:204,7,0,0
BRDA:204,7,1,0
BRF:15
BRH:0
end_of_record
TN:
SF:components/movie-card.tsx
FN:20,MovieCard
FN:33,(anonymous_2)
FN:55,(anonymous_3)
FN:62,(anonymous_4)
FN:76,(anonymous_5)
FN:92,(anonymous_6)
FN:171,(anonymous_7)
FN:210,(anonymous_8)
FN:273,(anonymous_9)
FN:362,(anonymous_10)
FN:365,(anonymous_11)
FN:385,(anonymous_12)
FNF:12
FNH:10
FNDA:18,MovieCard
FNDA:1,(anonymous_2)
FNDA:1,(anonymous_3)
FNDA:3,(anonymous_4)
FNDA:1,(anonymous_5)
FNDA:1,(anonymous_6)
FNDA:34,(anonymous_7)
FNDA:0,(anonymous_8)
FNDA:32,(anonymous_9)
FNDA:180,(anonymous_10)
FNDA:1,(anonymous_11)
FNDA:0,(anonymous_12)
DA:4,1
DA:5,1
DA:6,1
DA:7,1
DA:8,1
DA:10,1
DA:20,12
DA:27,18
DA:28,18
DA:29,18
DA:30,18
DA:31,18
DA:33,18
DA:34,1
DA:35,1
DA:37,1
DA:39,1
DA:40,1
DA:41,1
DA:42,1
DA:43,1
DA:44,0
DA:47,0
DA:49,1
DA:55,18
DA:56,1
DA:57,1
DA:58,1
DA:62,18
DA:63,3
DA:64,3
DA:65,3
DA:67,1
DA:70,2
DA:71,2
DA:76,18
DA:77,1
DA:78,1
DA:81,18
DA:93,1
DA:172,34
DA:211,0
DA:274,32
DA:363,180
DA:365,1
DA:385,0
LF:46
LH:42
BRDA:39,0,0,1
BRDA:39,0,1,0
BRDA:39,1,0,1
BRDA:39,1,1,1
BRDA:39,1,2,1
BRDA:43,2,0,0
BRDA:43,2,1,1
BRDA:65,3,0,1
BRDA:65,3,1,2
BRDA:71,4,0,2
BRDA:71,4,1,2
BRDA:81,5,0,18
BRDA:81,5,1,18
BRDA:89,6,0,18
BRDA:89,6,1,1
BRDA:105,7,0,1
BRDA:105,7,1,17
BRDA:109,8,0,1
BRDA:109,8,1,17
BRDA:112,9,0,1
BRDA:124,10,0,2
BRDA:124,10,1,16
BRDA:128,11,0,2
BRDA:128,11,1,16
BRDA:130,12,0,2
BRDA:130,12,1,16
BRDA:141,13,0,18
BRDA:143,14,0,18
BRDA:156,15,0,18
BRDA:156,15,1,2
BRDA:176,16,0,18
BRDA:197,17,0,1
BRDA:207,18,0,17
BRDA:207,18,1,1
BRDA:221,19,0,1
BRDA:221,19,1,16
BRDA:226,20,0,1
BRDA:241,21,0,2
BRDA:241,21,1,15
BRDA:245,22,0,2
BRDA:245,22,1,15
BRDA:246,23,0,2
BRDA:246,23,1,15
BRDA:251,24,0,17
BRDA:251,24,1,2
BRDA:268,25,0,17
BRDA:268,25,1,16
BRDA:288,26,0,17
BRDA:295,27,0,17
BRDA:302,28,0,17
BRDA:309,29,0,17
BRDA:316,30,0,17
BRDA:324,31,0,17
BRDA:331,32,0,17
BRDA:370,33,0,20
BRDA:370,33,1,160
BRDA:378,34,0,18
BRF:57
BRH:55
end_of_record
TN:
SF:components/movie-details.tsx
FN:14,MovieDetails
FN:16,(anonymous_2)
FN:33,(anonymous_3)
FN:49,(anonymous_4)
FN:70,(anonymous_5)
FN:113,(anonymous_6)
FNF:6
FNH:0
FNDA:0,MovieDetails
FNDA:0,(anonymous_2)
FNDA:0,(anonymous_3)
FNDA:0,(anonymous_4)
FNDA:0,(anonymous_5)
FNDA:0,(anonymous_6)
DA:3,0
DA:4,0
DA:5,0
DA:7,0
DA:14,0
DA:16,0
DA:18,0
DA:19,0
DA:21,0
DA:34,0
DA:49,0
DA:71,0
DA:114,0
LF:13
LH:0
BRDA:18,0,0,0
BRDA:18,0,1,0
BRDA:19,1,0,0
BRDA:19,1,1,0
BRDA:29,2,0,0
BRDA:30,3,0,0
BRDA:30,3,1,0
BRDA:48,4,0,0
BRDA:48,4,1,0
BRDA:52,5,0,0
BRDA:65,6,0,0
BRDA:65,6,1,0
BRDA:78,7,0,0
BRDA:85,8,0,0
BRDA:92,9,0,0
BRDA:102,10,0,0
BRDA:102,10,1,0
BRDA:105,11,0,0
BRDA:110,12,0,0
BRDA:110,12,1,0
BRF:20
BRH:0
end_of_record
TN:
SF:components/movie-projector.tsx
FN:1,MovieProjector
FNF:1
FNH:0
FNDA:0,MovieProjector
DA:1,0
LF:1
LH:0
BRDA:1,0,0,0
BRF:1
BRH:0
end_of_record
TN:
SF:components/recommended-movies.tsx
FN:13,RecommendedMovies
FN:19,(anonymous_2)
FN:20,(anonymous_3)
FN:39,(anonymous_4)
FN:67,(anonymous_5)
FN:71,(anonymous_6)
FN:79,(anonymous_7)
FNF:7
FNH:0
FNDA:0,RecommendedMovies
FNDA:0,(anonymous_2)
FNDA:0,(anonymous_3)
FNDA:0,(anonymous_4)
FNDA:0,(anonymous_5)
FNDA:0,(anonymous_6)
FNDA:0,(anonymous_7)
DA:3,0
DA:4,0
DA:5,0
DA:6,0
DA:13,0
DA:14,0
DA:15,0
DA:16,0
DA:19,0
DA:20,0
DA:21,0
DA:22,0
DA:23,0
DA:24,0
DA:26,0
DA:28,0
DA:32,0
DA:39,0
DA:68,0
DA:71,0
DA:80,0
LF:21
LH:0
BRDA:57,0,0,0
BRDA:62,1,0,0
BRDA:75,2,0,0
BRDA:76,3,0,0
BRDA:76,3,1,0
BRDA:91,4,0,0
BRDA:91,4,1,0
BRF:7
BRH:0
end_of_record
TN:
SF:components/theme-provider.tsx
FN:9,ThemeProvider
FNF:1
FNH:0
FNDA:0,ThemeProvider
DA:3,0
DA:7,0
DA:9,0
LF:3
LH:0
BRF:0
BRH:0
end_of_record
TN:
SF:components/ui/accordion.tsx
FNF:0
FNH:0
DA:3,0
DA:4,0
DA:5,0
DA:7,0
DA:9,0
DA:21,0
DA:41,0
DA:56,0
DA:58,0
LF:9
LH:0
BRF:0
BRH:0
end_of_record
TN:
SF:components/ui/alert-dialog.tsx
FNF:0
FNH:0
DA:3,0
DA:4,0
DA:6,0
DA:7,0
DA:9,0
DA:11,0
DA:13,0
DA:28,0
DA:46,0
DA:60,0
DA:74,0
DA:86,0
DA:98,0
DA:111,0
DA:127,0
DA:130,0
DA:131,0
DA:132,0
DA:133,0
DA:134,0
DA:135,0
DA:136,0
DA:137,0
DA:138,0
DA:139,0
DA:140,0
LF:26
LH:0
BRF:0
BRH:0
end_of_record
TN:
SF:components/ui/alert.tsx
FNF:0
FNH:0
DA:1,0
DA:2,0
DA:3,0
DA:5,0
DA:26,0
DA:33,0
DA:35,0
LF:7
LH:0
BRF:0
BRH:0
end_of_record
TN:
SF:components/ui/aspect-ratio.tsx
FNF:0
FNH:0
DA:3,0
DA:5,0
DA:7,0
LF:3
LH:0
BRF:0
BRH:0
end_of_record
TN:
SF:components/ui/avatar.tsx
FNF:0
FNH:0
DA:3,0
DA:4,0
DA:6,0
DA:21,0
DA:33,0
DA:48,0
DA:50,0
LF:7
LH:0
BRF:0
BRH:0
end_of_record
TN:
SF:components/ui/badge.tsx
FN:30,Badge
FNF:1
FNH:1
FNDA:37,Badge
DA:1,1
DA:2,1
DA:4,1
DA:6,1
DA:36,67
LF:5
LH:5
BRF:0
BRH:0
end_of_record
TN:
SF:components/ui/breadcrumb.tsx
FN:47,(anonymous_14)
FNF:1
FNH:0
FNDA:0,(anonymous_14)
DA:1,0
DA:2,0
DA:3,0
DA:5,0
DA:13,0
DA:28,0
DA:40,0
DA:42,0
DA:48,0
DA:58,0
DA:73,0
DA:89,0
DA:105,0
DA:108,0
DA:109,0
DA:110,0
DA:111,0
DA:112,0
DA:113,0
DA:114,0
LF:20
LH:0
BRDA:48,0,0,0
BRDA:48,0,1,0
BRDA:86,1,0,0
BRDA:86,1,1,0
BRF:4
BRH:0
end_of_record
TN:
SF:components/ui/button.tsx
FN:43,(anonymous_6)
FNF:1
FNH:1
FNDA:46,(anonymous_6)
DA:1,1
DA:2,1
DA:3,1
DA:5,1
DA:7,1
DA:42,1
DA:44,46
DA:54,1
DA:56,106
LF:9
LH:9
BRDA:43,0,0,46
BRDA:44,1,0,0
BRDA:44,1,1,46
BRF:3
BRH:2
end_of_record
TN:
SF:components/ui/calendar.tsx
FN:12,Calendar
FNF:1
FNH:0
FNDA:0,Calendar
DA:3,0
DA:4,0
DA:5,0
DA:7,0
DA:8,0
DA:64,0
DA:66,0
LF:7
LH:0
BRDA:15,0,0,0
BRF:1
BRH:0
end_of_record
TN:
SF:components/ui/card.tsx
FNF:0
FNH:0
DA:1,1
DA:3,1
DA:18,1
DA:30,1
DA:45,1
DA:57,1
DA:65,1
DA:77,1
DA:79,18
LF:9
LH:9
BRF:0
BRH:0
end_of_record
TN:
SF:components/ui/carousel.tsx
FN:35,useCarousel
FN:49,(anonymous_11)
FN:71,(anonymous_12)
FN:80,(anonymous_13)
FN:84,(anonymous_14)
FN:89,(anonymous_15)
FN:101,(anonymous_16)
FN:109,(anonymous_17)
FN:118,(anonymous_18)
FN:156,(anonymous_19)
FN:178,(anonymous_20)
FN:200,(anonymous_21)
FN:229,(anonymous_22)
FNF:13
FNH:0
FNDA:0,useCarousel
FNDA:0,(anonymous_11)
FNDA:0,(anonymous_12)
FNDA:0,(anonymous_13)
FNDA:0,(anonymous_14)
FNDA:0,(anonymous_15)
FNDA:0,(anonymous_16)
FNDA:0,(anonymous_17)
FNDA:0,(anonymous_18)
FNDA:0,(anonymous_19)
FNDA:0,(anonymous_20)
FNDA:0,(anonymous_21)
FNDA:0,(anonymous_22)
DA:3,0
DA:6,0
DA:7,0
DA:9,0
DA:10,0
DA:33,0
DA:36,0
DA:38,0
DA:39,0
DA:42,0
DA:45,0
DA:61,0
DA:68,0
DA:69,0
DA:71,0
DA:72,0
DA:73,0
DA:76,0
DA:77,0
DA:80,0
DA:81,0
DA:84,0
DA:85,0
DA:88,0
DA:90,0
DA:91,0
DA:92,0
DA:93,0
DA:94,0
DA:95,0
DA:101,0
DA:102,0
DA:103,0
DA:106,0
DA:109,0
DA:110,0
DA:111,0
DA:114,0
DA:115,0
DA:116,0
DA:118,0
DA:119,0
DA:151,0
DA:153,0
DA:157,0
DA:173,0
DA:175,0
DA:179,0
DA:195,0
DA:197,0
DA:201,0
DA:224,0
DA:226,0
DA:230,0
DA:253,0
DA:257,0
DA:258,0
DA:259,0
DA:260,0
DA:261,0
LF:60
LH:0
BRDA:38,0,0,0
BRDA:38,0,1,0
BRDA:51,1,0,0
BRDA:64,2,0,0
BRDA:64,2,1,0
BRDA:72,3,0,0
BRDA:72,3,1,0
BRDA:90,4,0,0
BRDA:90,4,1,0
BRDA:93,5,0,0
BRDA:93,5,1,0
BRDA:102,6,0,0
BRDA:102,6,1,0
BRDA:102,7,0,0
BRDA:102,7,1,0
BRDA:110,8,0,0
BRDA:110,8,1,0
BRDA:130,9,0,0
BRDA:130,9,1,0
BRDA:130,10,0,0
BRDA:130,10,1,0
BRDA:165,11,0,0
BRDA:165,11,1,0
BRDA:188,12,0,0
BRDA:188,12,1,0
BRDA:200,13,0,0
BRDA:200,14,0,0
BRDA:210,15,0,0
BRDA:210,15,1,0
BRDA:229,16,0,0
BRDA:229,17,0,0
BRDA:239,18,0,0
BRDA:239,18,1,0
BRF:33
BRH:0
end_of_record
TN:
SF:components/ui/chart.tsx
FN:27,useChart
FN:45,(anonymous_11)
FN:70,(anonymous_12)
FN:72,(anonymous_13)
FN:84,(anonymous_14)
FN:87,(anonymous_15)
FN:116,(anonymous_16)
FN:136,(anonymous_17)
FN:188,(anonymous_18)
FN:269,(anonymous_19)
FN:288,(anonymous_20)
FN:320,getPayloadConfigFromPayload
FNF:12
FNH:0
FNDA:0,useChart
FNDA:0,(anonymous_11)
FNDA:0,(anonymous_12)
FNDA:0,(anonymous_13)
FNDA:0,(anonymous_14)
FNDA:0,(anonymous_15)
FNDA:0,(anonymous_16)
FNDA:0,(anonymous_17)
FNDA:0,(anonymous_18)
FNDA:0,(anonymous_19)
FNDA:0,(anonymous_20)
FNDA:0,getPayloadConfigFromPayload
DA:3,0
DA:4,0
DA:6,0
DA:9,0
DA:25,0
DA:28,0
DA:30,0
DA:31,0
DA:34,0
DA:37,0
DA:46,0
DA:47,0
DA:68,0
DA:70,0
DA:71,0
DA:72,0
DA:75,0
DA:76,0
DA:84,0
DA:89,0
DA:91,0
DA:103,0
DA:105,0
DA:134,0
DA:136,0
DA:137,0
DA:138,0
DA:141,0
DA:142,0
DA:143,0
DA:145,0
DA:149,0
DA:157,0
DA:158,0
DA:172,0
DA:173,0
DA:176,0
DA:189,0
DA:190,0
DA:191,0
DA:193,0
DA:257,0
DA:259,0
DA:261,0
DA:273,0
DA:275,0
DA:276,0
DA:289,0
DA:290,0
DA:292,0
DA:317,0
DA:325,0
DA:326,0
DA:330,0
DA:336,0
DA:338,0
DA:342,0
DA:343,0
DA:348,0
DA:353,0
DA:359,0
DA:360,0
DA:361,0
DA:362,0
DA:363,0
DA:364,0
LF:66
LH:0
BRDA:30,0,0,0
BRDA:30,0,1,0
BRDA:47,1,0,0
BRDA:47,1,1,0
BRDA:72,2,0,0
BRDA:72,2,1,0
BRDA:75,3,0,0
BRDA:75,3,1,0
BRDA:89,4,0,0
BRDA:89,4,1,0
BRDA:91,5,0,0
BRDA:91,5,1,0
BRDA:121,6,0,0
BRDA:122,7,0,0
BRDA:123,8,0,0
BRDA:137,9,0,0
BRDA:137,9,1,0
BRDA:137,10,0,0
BRDA:137,10,1,0
BRDA:142,11,0,0
BRDA:142,11,1,0
BRDA:142,11,2,0
BRDA:142,11,3,0
BRDA:145,12,0,0
BRDA:145,12,1,0
BRDA:145,13,0,0
BRDA:145,13,1,0
BRDA:146,14,0,0
BRDA:146,14,1,0
BRDA:149,15,0,0
BRDA:149,15,1,0
BRDA:157,16,0,0
BRDA:157,16,1,0
BRDA:172,17,0,0
BRDA:172,17,1,0
BRDA:172,18,0,0
BRDA:172,18,1,0
BRDA:176,19,0,0
BRDA:176,19,1,0
BRDA:186,20,0,0
BRDA:186,20,1,0
BRDA:189,21,0,0
BRDA:189,21,1,0
BRDA:189,21,2,0
BRDA:189,21,3,0
BRDA:191,22,0,0
BRDA:191,22,1,0
BRDA:191,22,2,0
BRDA:198,23,0,0
BRDA:198,23,1,0
BRDA:202,24,0,0
BRDA:201,25,0,0
BRDA:201,25,1,0
BRDA:201,25,2,0
BRDA:206,26,0,0
BRDA:208,27,0,0
BRDA:217,28,0,0
BRDA:217,28,1,0
BRDA:232,29,0,0
BRDA:232,29,1,0
BRDA:236,30,0,0
BRDA:236,30,1,0
BRDA:238,31,0,0
BRDA:238,31,1,0
BRDA:241,32,0,0
BRDA:270,33,0,0
BRDA:270,34,0,0
BRDA:275,35,0,0
BRDA:275,35,1,0
BRDA:284,36,0,0
BRDA:284,36,1,0
BRDA:289,37,0,0
BRDA:289,37,1,0
BRDA:289,37,2,0
BRDA:300,38,0,0
BRDA:299,39,0,0
BRDA:299,39,1,0
BRDA:325,40,0,0
BRDA:325,40,1,0
BRDA:325,41,0,0
BRDA:325,41,1,0
BRDA:330,42,0,0
BRDA:330,42,1,0
BRDA:330,43,0,0
BRDA:330,43,1,0
BRDA:330,43,2,0
BRDA:338,44,0,0
BRDA:338,44,1,0
BRDA:339,45,0,0
BRDA:339,45,1,0
BRDA:343,46,0,0
BRDA:343,46,1,0
BRDA:344,47,0,0
BRDA:344,47,1,0
BRDA:344,47,2,0
BRDA:353,48,0,0
BRDA:353,48,1,0
BRF:97
BRH:0
end_of_record
TN:
SF:components/ui/checkbox.tsx
FNF:0
FNH:0
DA:3,0
DA:4,0
DA:5,0
DA:7,0
DA:28,0
DA:30,0
LF:6
LH:0
BRF:0
BRH:0
end_of_record
TN:
SF:components/ui/collapsible.tsx
FNF:0
FNH:0
DA:3,0
DA:5,0
DA:7,0
DA:9,0
DA:11,0
LF:5
LH:0
BRF:0
BRH:0
end_of_record
TN:
SF:components/ui/command.tsx
FN:26,(anonymous_14)
FN:127,(anonymous_21)
FNF:2
FNH:0
FNDA:0,(anonymous_14)
FNDA:0,(anonymous_21)
DA:3,0
DA:5,0
DA:6,0
DA:8,0
DA:9,0
DA:24,0
DA:26,0
DA:55,0
DA:68,0
DA:81,0
DA:97,0
DA:109,0
DA:125,0
DA:127,0
DA:141,0
DA:144,0
DA:145,0
DA:146,0
DA:147,0
DA:148,0
DA:149,0
DA:150,0
DA:151,0
DA:152,0
LF:24
LH:0
BRF:0
BRH:0
end_of_record
TN:
SF:components/ui/context-menu.tsx
FN:168,(anonymous_27)
FNF:1
FNH:0
FNDA:0,(anonymous_27)
DA:3,0
DA:4,0
DA:5,0
DA:7,0
DA:9,0
DA:11,0
DA:13,0
DA:15,0
DA:17,0
DA:19,0
DA:40,0
DA:55,0
DA:72,0
DA:90,0
DA:113,0
DA:136,0
DA:154,0
DA:166,0
DA:168,0
DA:182,0
DA:185,0
DA:186,0
DA:187,0
DA:188,0
DA:189,0
DA:190,0
DA:191,0
DA:192,0
DA:193,0
DA:194,0
DA:195,0
DA:196,0
DA:197,0
DA:198,0
DA:199,0
LF:35
LH:0
BRDA:31,0,0,0
BRDA:31,0,1,0
BRDA:84,1,0,0
BRDA:84,1,1,0
BRDA:148,2,0,0
BRDA:148,2,1,0
BRF:6
BRH:0
end_of_record
TN:
SF:components/ui/dialog.tsx
FNF:0
FNH:0
DA:3,1
DA:4,1
DA:5,1
DA:7,1
DA:9,1
DA:11,1
DA:13,1
DA:15,1
DA:30,1
DA:54,1
DA:68,1
DA:82,1
DA:97,1
DA:109,1
DA:112,36
DA:113,0
DA:114,0
DA:115,0
DA:116,0
DA:117,36
DA:118,36
DA:119,0
DA:120,36
DA:121,0
LF:24
LH:18
BRF:0
BRH:0
end_of_record
TN:
SF:components/ui/drawer.tsx
FNF:0
FNH:0
DA:3,0
DA:4,0
DA:6,0
DA:17,0
DA:19,0
DA:21,0
DA:23,0
DA:35,0
DA:56,0
DA:67,0
DA:78,0
DA:93,0
DA:105,0
DA:108,0
DA:109,0
DA:110,0
DA:111,0
DA:112,0
DA:113,0
DA:114,0
DA:115,0
DA:116,0
DA:117,0
LF:23
LH:0
BRDA:9,0,0,0
BRF:1
BRH:0
end_of_record
TN:
SF:components/ui/dropdown-menu.tsx
FN:171,(anonymous_27)
FNF:1
FNH:0
FNDA:0,(anonymous_27)
DA:3,0
DA:4,0
DA:5,0
DA:7,0
DA:9,0
DA:11,0
DA:13,0
DA:15,0
DA:17,0
DA:19,0
DA:40,0
DA:56,0
DA:75,0
DA:93,0
DA:116,0
DA:139,0
DA:157,0
DA:169,0
DA:171,0
DA:182,0
DA:185,0
DA:186,0
DA:187,0
DA:188,0
DA:189,0
DA:190,0
DA:191,0
DA:192,0
DA:193,0
DA:194,0
DA:195,0
DA:196,0
DA:197,0
DA:198,0
DA:199,0
LF:35
LH:0
BRDA:31,0,0,0
BRDA:31,0,1,0
BRDA:62,1,0,0
BRDA:87,2,0,0
BRDA:87,2,1,0
BRDA:151,3,0,0
BRDA:151,3,1,0
BRF:7
BRH:0
end_of_record
TN:
SF:components/ui/form.tsx
FN:31,(anonymous_12)
FN:44,(anonymous_13)
FN:78,(anonymous_14)
FN:92,(anonymous_15)
FN:109,(anonymous_16)
FN:131,(anonymous_17)
FN:148,(anonymous_18)
FNF:7
FNH:0
FNDA:0,(anonymous_12)
FNDA:0,(anonymous_13)
FNDA:0,(anonymous_14)
FNDA:0,(anonymous_15)
FNDA:0,(anonymous_16)
FNDA:0,(anonymous_17)
FNDA:0,(anonymous_18)
DA:3,0
DA:5,0
DA:13,0
DA:15,0
DA:16,0
DA:18,0
DA:27,0
DA:31,0
DA:44,0
DA:45,0
DA:46,0
DA:47,0
DA:49,0
DA:51,0
DA:52,0
DA:55,0
DA:57,0
DA:71,0
DA:75,0
DA:79,0
DA:87,0
DA:89,0
DA:93,0
DA:104,0
DA:106,0
DA:110,0
DA:126,0
DA:128,0
DA:132,0
DA:143,0
DA:145,0
DA:149,0
DA:150,0
DA:152,0
DA:153,0
DA:167,0
DA:170,0
DA:171,0
DA:172,0
DA:173,0
DA:174,0
DA:175,0
DA:176,0
DA:177,0
LF:44
LH:0
BRDA:51,0,0,0
BRDA:51,0,1,0
BRDA:98,1,0,0
BRDA:98,1,1,0
BRDA:117,2,0,0
BRDA:117,2,1,0
BRDA:150,3,0,0
BRDA:150,3,1,0
BRDA:152,4,0,0
BRDA:152,4,1,0
BRF:10
BRH:0
end_of_record
TN:
SF:components/ui/hover-card.tsx
FNF:0
FNH:0
DA:3,0
DA:4,0
DA:6,0
DA:8,0
DA:10,0
DA:27,0
DA:29,0
LF:7
LH:0
BRDA:15,0,0,0
BRDA:15,1,0,0
BRF:2
BRH:0
end_of_record
TN:
SF:components/ui/input-otp.tsx
FN:36,(anonymous_10)
FNF:1
FNH:0
FNDA:0,(anonymous_10)
DA:3,0
DA:4,0
DA:5,0
DA:7,0
DA:23,0
DA:31,0
DA:33,0
DA:37,0
DA:38,0
DA:59,0
DA:69,0
DA:71,0
LF:12
LH:0
BRDA:45,0,0,0
BRDA:45,0,1,0
BRDA:51,1,0,0
BRF:3
BRH:0
end_of_record
TN:
SF:components/ui/input.tsx
FN:6,(anonymous_4)
FNF:1
FNH:0
FNDA:0,(anonymous_4)
DA:1,0
DA:3,0
DA:5,0
DA:20,0
DA:22,0
LF:5
LH:0
BRF:0
BRH:0
end_of_record
TN:
SF:components/ui/label.tsx
FNF:0
FNH:0
DA:3,0
DA:4,0
DA:5,0
DA:6,0
DA:8,0
DA:16,0
DA:18,0
LF:7
LH:0
BRF:0
BRH:0
end_of_record
TN:
SF:components/ui/menubar.tsx
FN:203,(anonymous_30)
FNF:1
FNH:0
FNDA:0,(anonymous_30)
DA:3,0
DA:4,0
DA:5,0
DA:7,0
DA:9,0
DA:11,0
DA:13,0
DA:15,0
DA:17,0
DA:32,0
DA:47,0
DA:68,0
DA:83,0
DA:108,0
DA:126,0
DA:149,0
DA:171,0
DA:189,0
DA:201,0
DA:203,0
DA:217,0
DA:220,0
DA:221,0
DA:222,0
DA:223,0
DA:224,0
DA:225,0
DA:226,0
DA:227,0
DA:228,0
DA:229,0
DA:230,0
DA:231,0
DA:232,0
DA:233,0
DA:234,0
DA:235,0
LF:37
LH:0
BRDA:59,0,0,0
BRDA:59,0,1,0
BRDA:90,1,0,0
BRDA:90,2,0,0
BRDA:90,3,0,0
BRDA:120,4,0,0
BRDA:120,4,1,0
BRDA:183,5,0,0
BRDA:183,5,1,0
BRF:9
BRH:0
end_of_record
TN:
SF:components/ui/navigation-menu.tsx
FNF:0
FNH:0
DA:1,0
DA:2,0
DA:3,0
DA:4,0
DA:6,0
DA:24,0
DA:39,0
DA:41,0
DA:43,0
DA:63,0
DA:78,0
DA:80,0
DA:97,0
DA:115,0
DA:119,0
DA:120,0
DA:121,0
DA:122,0
DA:123,0
DA:124,0
DA:125,0
DA:126,0
DA:127,0
LF:23
LH:0
BRF:0
BRH:0
end_of_record
TN:
SF:components/ui/pagination.tsx
FNF:0
FNH:0
DA:1,0
DA:2,0
DA:4,0
DA:5,0
DA:15,0
DA:27,0
DA:35,0
DA:60,0
DA:76,0
DA:92,0
DA:107,0
DA:110,0
DA:111,0
DA:112,0
DA:113,0
DA:114,0
DA:115,0
DA:116,0
LF:18
LH:0
BRDA:45,0,0,0
BRDA:49,1,0,0
BRDA:49,1,1,0
BRDA:52,2,0,0
BRDA:52,2,1,0
BRF:5
BRH:0
end_of_record
TN:
SF:components/ui/popover.tsx
FNF:0
FNH:0
DA:3,0
DA:4,0
DA:6,0
DA:8,0
DA:10,0
DA:29,0
DA:31,0
LF:7
LH:0
BRDA:15,0,0,0
BRDA:15,1,0,0
BRF:2
BRH:0
end_of_record
TN:
SF:components/ui/progress.tsx
FNF:0
FNH:0
DA:3,0
DA:4,0
DA:6,0
DA:26,0
DA:28,0
LF:5
LH:0
BRDA:22,0,0,0
BRDA:22,0,1,0
BRF:2
BRH:0
end_of_record
TN:
SF:components/ui/radio-group.tsx
FN:12,(anonymous_6)
FN:26,(anonymous_7)
FNF:2
FNH:0
FNDA:0,(anonymous_6)
FNDA:0,(anonymous_7)
DA:3,0
DA:4,0
DA:5,0
DA:7,0
DA:9,0
DA:21,0
DA:23,0
DA:42,0
DA:44,0
LF:9
LH:0
BRF:0
BRH:0
end_of_record
TN:
SF:components/ui/resizable.tsx
FNF:0
FNH:0
DA:3,0
DA:4,0
DA:6,0
DA:21,0
DA:45,0
LF:5
LH:0
BRDA:37,0,0,0
BRF:1
BRH:0
end_of_record
TN:
SF:components/ui/scroll-area.tsx
FNF:0
FNH:0
DA:3,0
DA:4,0
DA:6,0
DA:24,0
DA:46,0
DA:48,0
LF:6
LH:0
BRDA:29,0,0,0
BRDA:35,1,0,0
BRDA:35,1,1,0
BRDA:37,2,0,0
BRDA:37,2,1,0
BRF:5
BRH:0
end_of_record
TN:
SF:components/ui/select.tsx
FNF:0
FNH:0
DA:3,0
DA:4,0
DA:5,0
DA:7,0
DA:9,0
DA:11,0
DA:13,0
DA:33,0
DA:50,0
DA:67,0
DA:100,0
DA:112,0
DA:135,0
DA:147,0
DA:150,0
DA:151,0
DA:152,0
DA:153,0
DA:154,0
DA:155,0
DA:156,0
DA:157,0
DA:158,0
DA:159,0
LF:24
LH:0
BRDA:73,0,0,0
BRDA:79,1,0,0
BRDA:79,1,1,0
BRDA:90,2,0,0
BRDA:90,2,1,0
BRF:5
BRH:0
end_of_record
TN:
SF:components/ui/separator.tsx
FNF:0
FNH:0
DA:3,0
DA:4,0
DA:6,0
DA:29,0
DA:31,0
LF:5
LH:0
BRDA:13,0,0,0
BRDA:13,1,0,0
BRDA:22,2,0,0
BRDA:22,2,1,0
BRF:4
BRH:0
end_of_record
TN:
SF:components/ui/sheet.tsx
FNF:0
FNH:0
DA:3,0
DA:4,0
DA:5,0
DA:6,0
DA:8,0
DA:10,0
DA:12,0
DA:14,0
DA:16,0
DA:31,0
DA:33,0
DA:75,0
DA:89,0
DA:103,0
DA:115,0
DA:127,0
DA:130,0
DA:131,0
DA:132,0
DA:133,0
DA:134,0
DA:135,0
DA:136,0
DA:137,0
DA:138,0
DA:139,0
LF:26
LH:0
BRDA:59,0,0,0
BRF:1
BRH:0
end_of_record
TN:
SF:components/ui/sidebar.tsx
FN:41,useSidebar
FN:58,(anonymous_29)
FN:78,(anonymous_30)
FN:93,(anonymous_31)
FN:95,(anonymous_32)
FN:96,(anonymous_33)
FN:100,(anonymous_34)
FN:101,(anonymous_35)
FN:112,(anonymous_36)
FN:120,(anonymous_37)
FN:167,(anonymous_38)
FN:265,(anonymous_39)
FN:275,(anonymous_40)
FN:291,(anonymous_41)
FN:320,(anonymous_42)
FN:338,(anonymous_43)
FN:356,(anonymous_44)
FN:371,(anonymous_45)
FN:386,(anonymous_46)
FN:401,(anonymous_47)
FN:419,(anonymous_48)
FN:434,(anonymous_49)
FN:455,(anonymous_50)
FN:544,(anonymous_54)
FN:601,(anonymous_55)
FN:652,(anonymous_57)
FN:654,(anonymous_58)
FN:715,(anonymous_61)
FNF:28
FNH:0
FNDA:0,useSidebar
FNDA:0,(anonymous_29)
FNDA:0,(anonymous_30)
FNDA:0,(anonymous_31)
FNDA:0,(anonymous_32)
FNDA:0,(anonymous_33)
FNDA:0,(anonymous_34)
FNDA:0,(anonymous_35)
FNDA:0,(anonymous_36)
FNDA:0,(anonymous_37)
FNDA:0,(anonymous_38)
FNDA:0,(anonymous_39)
FNDA:0,(anonymous_40)
FNDA:0,(anonymous_41)
FNDA:0,(anonymous_42)
FNDA:0,(anonymous_43)
FNDA:0,(anonymous_44)
FNDA:0,(anonymous_45)
FNDA:0,(anonymous_46)
FNDA:0,(anonymous_47)
FNDA:0,(anonymous_48)
FNDA:0,(anonymous_49)
FNDA:0,(anonymous_50)
FNDA:0,(anonymous_54)
FNDA:0,(anonymous_55)
FNDA:0,(anonymous_57)
FNDA:0,(anonymous_58)
FNDA:0,(anonymous_61)
DA:3,0
DA:4,0
DA:5,0
DA:6,0
DA:8,0
DA:9,0
DA:10,0
DA:11,0
DA:12,0
DA:13,0
DA:14,0
DA:20,0
DA:22,0
DA:23,0
DA:24,0
DA:25,0
DA:26,0
DA:27,0
DA:39,0
DA:42,0
DA:43,0
DA:44,0
DA:47,0
DA:50,0
DA:70,0
DA:71,0
DA:75,0
DA:76,0
DA:77,0
DA:79,0
DA:80,0
DA:81,0
DA:83,0
DA:87,0
DA:93,0
DA:94,0
DA:95,0
DA:96,0
DA:100,0
DA:101,0
DA:102,0
DA:106,0
DA:107,0
DA:111,0
DA:112,0
DA:117,0
DA:119,0
DA:120,0
DA:157,0
DA:159,0
DA:178,0
DA:180,0
DA:195,0
DA:260,0
DA:262,0
DA:266,0
DA:276,0
DA:277,0
DA:286,0
DA:288,0
DA:292,0
DA:315,0
DA:317,0
DA:333,0
DA:335,0
DA:351,0
DA:353,0
DA:366,0
DA:368,0
DA:381,0
DA:383,0
DA:396,0
DA:398,0
DA:414,0
DA:416,0
DA:429,0
DA:431,0
DA:435,0
DA:450,0
DA:452,0
DA:456,0
DA:473,0
DA:486,0
DA:499,0
DA:512,0
DA:514,0
DA:536,0
DA:556,0
DA:557,0
DA:570,0
DA:571,0
DA:574,0
DA:575,0
DA:593,0
DA:595,0
DA:602,0
DA:624,0
DA:645,0
DA:647,0
DA:654,0
DA:655,0
DA:683,0
DA:700,0
DA:706,0
DA:708,0
DA:716,0
DA:736,0
DA:739,0
DA:740,0
DA:741,0
DA:742,0
DA:743,0
DA:744,0
DA:745,0
DA:746,0
DA:747,0
DA:748,0
DA:749,0
DA:750,0
DA:751,0
DA:752,0
DA:753,0
DA:754,0
DA:755,0
DA:756,0
DA:757,0
DA:758,0
DA:759,0
DA:760,0
DA:761,0
DA:762,0
LF:131
LH:0
BRDA:43,0,0,0
BRDA:43,0,1,0
BRDA:60,1,0,0
BRDA:76,2,0,0
BRDA:76,2,1,0
BRDA:79,3,0,0
BRDA:79,3,1,0
BRDA:80,4,0,0
BRDA:80,4,1,0
BRDA:94,5,0,0
BRDA:94,5,1,0
BRDA:102,6,0,0
BRDA:102,6,1,0
BRDA:103,7,0,0
BRDA:103,7,1,0
BRDA:103,7,2,0
BRDA:117,8,0,0
BRDA:117,8,1,0
BRDA:169,9,0,0
BRDA:170,10,0,0
BRDA:171,11,0,0
BRDA:180,12,0,0
BRDA:180,12,1,0
BRDA:195,13,0,0
BRDA:195,13,1,0
BRDA:220,14,0,0
BRDA:220,14,1,0
BRDA:230,15,0,0
BRDA:230,15,1,0
BRDA:230,16,0,0
BRDA:230,16,1,0
BRDA:238,17,0,0
BRDA:238,17,1,0
BRDA:242,18,0,0
BRDA:242,18,1,0
BRDA:242,19,0,0
BRDA:242,19,1,0
BRDA:434,20,0,0
BRDA:435,21,0,0
BRDA:435,21,1,0
BRDA:455,22,0,0
BRDA:456,23,0,0
BRDA:456,23,1,0
BRDA:546,24,0,0
BRDA:547,25,0,0
BRDA:548,26,0,0
BRDA:549,27,0,0
BRDA:556,28,0,0
BRDA:556,28,1,0
BRDA:570,29,0,0
BRDA:570,29,1,0
BRDA:574,30,0,0
BRDA:574,30,1,0
BRDA:586,31,0,0
BRDA:586,31,1,0
BRDA:601,32,0,0
BRDA:601,33,0,0
BRDA:602,34,0,0
BRDA:602,34,1,0
BRDA:616,35,0,0
BRDA:616,35,1,0
BRDA:652,36,0,0
BRDA:665,37,0,0
BRDA:715,38,0,0
BRDA:715,39,0,0
BRDA:716,40,0,0
BRDA:716,40,1,0
BRDA:727,41,0,0
BRDA:727,41,1,0
BRDA:728,42,0,0
BRDA:728,42,1,0
BRF:71
BRH:0
end_of_record
TN:
SF:components/ui/skeleton.tsx
FN:3,Skeleton
FNF:1
FNH:0
FNDA:0,Skeleton
DA:1,0
DA:15,0
LF:2
LH:0
BRF:0
BRH:0
end_of_record
TN:
SF:components/ui/slider.tsx
FNF:0
FNH:0
DA:3,0
DA:4,0
DA:6,0
DA:26,0
DA:28,0
LF:5
LH:0
BRF:0
BRH:0
end_of_record
TN:
SF:components/ui/sonner.tsx
FN:8,(anonymous_1)
FNF:1
FNH:0
FNDA:0,(anonymous_1)
DA:3,0
DA:4,0
DA:8,0
DA:9,0
DA:31,0
LF:5
LH:0
BRDA:9,0,0,0
BRF:1
BRH:0
end_of_record
TN:
SF:components/ui/switch.tsx
FNF:0
FNH:0
DA:3,0
DA:4,0
DA:6,0
DA:27,0
DA:29,0
LF:5
LH:0
BRF:0
BRH:0
end_of_record
TN:
SF:components/ui/table.tsx
FNF:0
FNH:0
DA:1,0
DA:3,0
DA:17,0
DA:25,0
DA:37,0
DA:52,0
DA:67,0
DA:82,0
DA:94,0
DA:106,0
DA:109,0
DA:110,0
DA:111,0
DA:112,0
DA:113,0
DA:114,0
DA:115,0
DA:116,0
LF:18
LH:0
BRF:0
BRH:0
end_of_record
TN:
SF:components/ui/tabs.tsx
FNF:0
FNH:0
DA:3,0
DA:4,0
DA:5,0
DA:7,0
DA:22,0
DA:37,0
DA:52,0
DA:54,0
LF:8
LH:0
BRF:0
BRH:0
end_of_record
TN:
SF:components/ui/textarea.tsx
FN:8,(anonymous_4)
FNF:1
FNH:0
FNDA:0,(anonymous_4)
DA:1,0
DA:3,0
DA:5,0
DA:20,0
DA:22,0
LF:5
LH:0
BRF:0
BRH:0
end_of_record
TN:
SF:components/ui/toast.tsx
FN:47,(anonymous_12)
FNF:1
FNH:0
FNDA:0,(anonymous_12)
DA:3,0
DA:4,0
DA:5,0
DA:6,0
DA:8,0
DA:10,0
DA:25,0
DA:27,0
DA:43,0
DA:56,0
DA:71,0
DA:89,0
DA:101,0
DA:113,0
DA:122,0
DA:123,0
DA:124,0
DA:125,0
DA:126,0
DA:127,0
DA:128,0
LF:21
LH:0
BRF:0
BRH:0
end_of_record
TN:
SF:components/ui/toaster.tsx
FN:13,Toaster
FN:18,(anonymous_2)
FNF:2
FNH:0
FNDA:0,Toaster
FNDA:0,(anonymous_2)
DA:3,0
DA:11,0
DA:13,0
DA:14,0
DA:19,0
LF:5
LH:0
BRDA:22,0,0,0
BRDA:23,1,0,0
BRF:2
BRH:0
end_of_record
TN:
SF:components/ui/toggle-group.tsx
FN:39,(anonymous_7)
FNF:1
FNH:0
FNDA:0,(anonymous_7)
DA:3,0
DA:4,0
DA:7,0
DA:8,0
DA:10,0
DA:33,0
DA:35,0
DA:40,0
DA:59,0
DA:61,0
LF:10
LH:0
BRDA:47,0,0,0
BRDA:47,0,1,0
BRDA:48,1,0,0
BRDA:48,1,1,0
BRF:4
BRH:0
end_of_record
TN:
SF:components/ui/toggle.tsx
FNF:0
FNH:0
DA:3,0
DA:4,0
DA:5,0
DA:7,0
DA:9,0
DA:43,0
DA:45,0
LF:7
LH:0
BRF:0
BRH:0
end_of_record
TN:
SF:components/ui/tooltip.tsx
FNF:0
FNH:0
DA:3,0
DA:4,0
DA:6,0
DA:8,0
DA:10,0
DA:12,0
DA:28,0
DA:30,0
LF:8
LH:0
BRDA:17,0,0,0
BRF:1
BRH:0
end_of_record
TN:
SF:components/ui/use-mobile.tsx
FN:5,useIsMobile
FN:8,(anonymous_5)
FN:10,(anonymous_6)
FN:15,(anonymous_7)
FNF:4
FNH:0
FNDA:0,useIsMobile
FNDA:0,(anonymous_5)
FNDA:0,(anonymous_6)
FNDA:0,(anonymous_7)
DA:1,0
DA:3,0
DA:5,0
DA:6,0
DA:8,0
DA:9,0
DA:10,0
DA:11,0
DA:13,0
DA:14,0
DA:15,0
DA:18,0
LF:12
LH:0
BRF:0
BRH:0
end_of_record
TN:
SF:components/ui/use-toast.ts
FN:30,genId
FN:61,(anonymous_8)
FN:66,(anonymous_9)
FN:77,(anonymous_10)
FN:88,(anonymous_11)
FN:101,(anonymous_12)
FN:108,(anonymous_13)
FN:127,(anonymous_14)
FN:136,dispatch
FN:138,(anonymous_16)
FN:145,toast
FN:148,(anonymous_18)
FN:153,(anonymous_19)
FN:161,(anonymous_20)
FN:174,useToast
FN:177,(anonymous_22)
FN:179,(anonymous_23)
FN:190,(anonymous_24)
FNF:18
FNH:0
FNDA:0,genId
FNDA:0,(anonymous_8)
FNDA:0,(anonymous_9)
FNDA:0,(anonymous_10)
FNDA:0,(anonymous_11)
FNDA:0,(anonymous_12)
FNDA:0,(anonymous_13)
FNDA:0,(anonymous_14)
FNDA:0,dispatch
FNDA:0,(anonymous_16)
FNDA:0,toast
FNDA:0,(anonymous_18)
FNDA:0,(anonymous_19)
FNDA:0,(anonymous_20)
FNDA:0,useToast
FNDA:0,(anonymous_22)
FNDA:0,(anonymous_23)
FNDA:0,(anonymous_24)
DA:4,0
DA:11,0
DA:12,0
DA:21,0
DA:28,0
DA:31,0
DA:32,0
DA:59,0
DA:61,0
DA:62,0
DA:63,0
DA:66,0
DA:67,0
DA:68,0
DA:74,0
DA:77,0
DA:78,0
DA:80,0
DA:86,0
DA:89,0
DA:94,0
DA:98,0
DA:99,0
DA:101,0
DA:102,0
DA:106,0
DA:109,0
DA:119,0
DA:120,0
DA:125,0
DA:127,0
DA:132,0
DA:134,0
DA:137,0
DA:138,0
DA:139,0
DA:146,0
DA:148,0
DA:149,0
DA:153,0
DA:155,0
DA:162,0
DA:167,0
DA:175,0
DA:177,0
DA:178,0
DA:179,0
DA:180,0
DA:181,0
DA:182,0
DA:187,0
DA:190,0
DA:194,0
LF:53
LH:0
BRDA:62,0,0,0
BRDA:62,0,1,0
BRDA:78,1,0,0
BRDA:78,1,1,0
BRDA:78,1,2,0
BRDA:78,1,3,0
BRDA:89,2,0,0
BRDA:89,2,1,0
BRDA:98,3,0,0
BRDA:98,3,1,0
BRDA:109,4,0,0
BRDA:109,4,1,0
BRDA:109,5,0,0
BRDA:109,5,1,0
BRDA:119,6,0,0
BRDA:119,6,1,0
BRDA:162,7,0,0
BRDA:162,7,1,0
BRDA:181,8,0,0
BRDA:181,8,1,0
BRF:20
BRH:0
end_of_record
TN:
SF:lib/auth-service.ts
FN:28,(anonymous_1)
FN:34,(anonymous_2)
FN:55,(anonymous_3)
FN:55,(anonymous_4)
FN:58,(anonymous_5)
FN:73,(anonymous_6)
FN:86,(anonymous_7)
FN:97,(anonymous_8)
FN:101,(anonymous_9)
FN:124,(anonymous_10)
FN:130,(anonymous_11)
FN:165,(anonymous_12)
FN:171,(anonymous_13)
FN:176,(anonymous_14)
FN:181,(anonymous_15)
FN:194,(anonymous_16)
FN:206,(anonymous_17)
FN:223,(anonymous_18)
FN:254,(anonymous_19)
FN:269,(anonymous_20)
FN:287,(anonymous_21)
FN:302,(anonymous_22)
FN:320,(anonymous_23)
FN:330,getAuthService
FNF:24
FNH:16
FNDA:1,(anonymous_1)
FNDA:1,(anonymous_2)
FNDA:0,(anonymous_3)
FNDA:0,(anonymous_4)
FNDA:2,(anonymous_5)
FNDA:1,(anonymous_6)
FNDA:8,(anonymous_7)
FNDA:8,(anonymous_8)
FNDA:0,(anonymous_9)
FNDA:3,(anonymous_10)
FNDA:0,(anonymous_11)
FNDA:1,(anonymous_12)
FNDA:1,(anonymous_13)
FNDA:0,(anonymous_14)
FNDA:8,(anonymous_15)
FNDA:20,(anonymous_16)
FNDA:0,(anonymous_17)
FNDA:0,(anonymous_18)
FNDA:1,(anonymous_19)
FNDA:2,(anonymous_20)
FNDA:1,(anonymous_21)
FNDA:2,(anonymous_22)
FNDA:0,(anonymous_23)
FNDA:8,getAuthService
DA:24,1
DA:25,1
DA:26,1
DA:29,1
DA:30,1
DA:35,1
DA:36,1
DA:52,1
DA:55,1
DA:58,1
DA:59,2
DA:61,2
DA:62,2
DA:66,1
DA:67,1
DA:69,1
DA:74,1
DA:75,1
DA:76,1
DA:77,1
DA:78,0
DA:81,0
DA:87,8
DA:88,8
DA:89,8
DA:90,8
DA:92,0
DA:98,8
DA:100,8
DA:101,8
DA:102,0
DA:106,8
DA:114,8
DA:115,8
DA:117,8
DA:119,0
DA:125,3
DA:126,3
DA:127,3
DA:128,3
DA:130,3
DA:132,3
DA:133,3
DA:140,0
DA:141,0
DA:143,0
DA:144,0
DA:150,0
DA:151,0
DA:154,0
DA:155,0
DA:157,0
DA:159,0
DA:160,0
DA:166,1
DA:167,1
DA:172,1
DA:177,0
DA:182,8
DA:183,8
DA:184,8
DA:185,8
DA:186,8
DA:187,8
DA:189,0
DA:195,20
DA:196,20
DA:197,20
DA:198,20
DA:200,0
DA:201,0
DA:207,0
DA:208,0
DA:209,0
DA:211,0
DA:212,0
DA:215,0
DA:218,0
DA:224,0
DA:225,0
DA:226,0
DA:228,0
DA:229,0
DA:230,0
DA:231,0
DA:235,0
DA:236,0
DA:237,0
DA:239,0
DA:241,0
DA:244,0
DA:245,0
DA:248,0
DA:249,0
DA:255,1
DA:256,1
DA:257,1
DA:258,1
DA:259,1
DA:261,0
DA:264,0
DA:270,2
DA:271,2
DA:272,2
DA:273,2
DA:274,2
DA:275,2
DA:277,0
DA:278,0
DA:281,0
DA:282,0
DA:288,1
DA:289,1
DA:290,1
DA:291,1
DA:292,1
DA:294,0
DA:297,0
DA:303,2
DA:304,2
DA:305,2
DA:306,2
DA:307,2
DA:308,2
DA:310,0
DA:311,0
DA:314,0
DA:315,0
DA:321,0
DA:322,0
DA:323,0
DA:324,0
DA:325,0
DA:329,1
DA:330,8
DA:331,8
DA:332,1
DA:334,8
LF:138
LH:78
BRDA:35,0,0,0
BRDA:35,0,1,1
BRDA:61,1,0,2
BRDA:61,1,1,0
BRDA:66,2,0,1
BRDA:66,2,1,0
BRDA:74,3,0,0
BRDA:74,3,1,1
BRDA:77,4,0,0
BRDA:77,4,1,1
BRDA:87,5,0,0
BRDA:87,5,1,8
BRDA:101,6,0,0
BRDA:101,6,1,8
BRDA:132,7,0,3
BRDA:132,7,1,0
BRDA:143,8,0,0
BRDA:143,8,1,0
BRDA:182,9,0,0
BRDA:182,9,1,8
BRDA:195,10,0,0
BRDA:195,10,1,20
BRDA:198,11,0,0
BRDA:198,11,1,20
BRDA:207,12,0,0
BRDA:207,12,1,0
BRDA:209,13,0,0
BRDA:209,13,1,0
BRDA:224,14,0,0
BRDA:224,14,1,0
BRDA:226,15,0,0
BRDA:226,15,1,0
BRDA:230,16,0,0
BRDA:230,16,1,0
BRDA:236,17,0,0
BRDA:236,17,1,0
BRDA:245,18,0,0
BRDA:245,18,1,0
BRDA:255,19,0,0
BRDA:255,19,1,1
BRDA:257,20,0,1
BRDA:257,20,1,0
BRDA:270,21,0,0
BRDA:270,21,1,2
BRDA:272,22,0,2
BRDA:272,22,1,0
BRDA:275,23,0,0
BRDA:275,23,1,2
BRDA:278,24,0,0
BRDA:278,24,1,0
BRDA:288,25,0,0
BRDA:288,25,1,1
BRDA:290,26,0,1
BRDA:290,26,1,0
BRDA:303,27,0,0
BRDA:303,27,1,2
BRDA:305,28,0,2
BRDA:305,28,1,0
BRDA:308,29,0,0
BRDA:308,29,1,2
BRDA:311,30,0,0
BRDA:311,30,1,0
BRDA:321,31,0,0
BRDA:321,31,1,0
BRDA:331,32,0,1
BRDA:331,32,1,7
BRDA:331,33,0,8
BRDA:331,33,1,1
BRF:68
BRH:25
end_of_record
TN:
SF:lib/movie-database.ts
FN:39,getPosterUrl
FN:44,getBackdropUrl
FN:50,genreIdToName
FN:54,getYearFromDate
FN:175,searchMovies
FN:183,(anonymous_15)
FN:191,getMoviesPage
FN:197,getTotalMoviesCount
FNF:8
FNH:3
FNDA:58,getPosterUrl
FNDA:58,getBackdropUrl
FNDA:0,genreIdToName
FNDA:76,getYearFromDate
FNDA:0,searchMovies
FNDA:0,(anonymous_15)
FNDA:0,getMoviesPage
FNDA:0,getTotalMoviesCount
DA:16,1
DA:39,58
DA:40,58
DA:41,58
DA:44,58
DA:45,58
DA:46,58
DA:50,0
DA:51,0
DA:54,76
DA:55,76
DA:56,76
DA:60,24
DA:175,0
DA:176,0
DA:177,0
DA:180,0
DA:181,0
DA:184,0
DA:191,0
DA:192,0
DA:193,0
DA:194,0
DA:197,0
DA:198,0
LF:25
LH:11
BRDA:40,0,0,0
BRDA:40,0,1,58
BRDA:45,1,0,0
BRDA:45,1,1,58
BRDA:51,2,0,0
BRDA:51,2,1,0
BRDA:55,3,0,0
BRDA:55,3,1,76
BRDA:175,4,0,0
BRDA:176,5,0,0
BRDA:176,5,1,0
BRDA:184,6,0,0
BRDA:184,6,1,0
BRDA:184,6,2,0
BRDA:184,6,3,0
BRF:15
BRH:3
end_of_record
TN:
SF:lib/movie-service.ts
FN:11,(anonymous_3)
FN:38,(anonymous_4)
FN:39,(anonymous_5)
FN:43,(anonymous_6)
FN:52,(anonymous_7)
FN:59,(anonymous_8)
FN:62,(anonymous_9)
FN:66,(anonymous_10)
FN:70,(anonymous_11)
FN:79,(anonymous_12)
FN:80,(anonymous_13)
FN:89,(anonymous_14)
FN:92,(anonymous_15)
FN:96,(anonymous_16)
FN:99,(anonymous_17)
FN:102,(anonymous_18)
FN:109,(anonymous_19)
FN:115,(anonymous_20)
FN:124,(anonymous_21)
FN:125,(anonymous_22)
FN:130,(anonymous_23)
FN:131,(anonymous_24)
FN:136,(anonymous_25)
FN:140,(anonymous_26)
FN:146,(anonymous_27)
FN:150,(anonymous_28)
FN:161,(anonymous_29)
FN:163,(anonymous_30)
FN:167,(anonymous_31)
FN:168,(anonymous_32)
FN:173,(anonymous_33)
FN:174,(anonymous_34)
FN:175,(anonymous_35)
FN:180,(anonymous_36)
FN:185,(anonymous_37)
FN:192,(anonymous_38)
FNF:36
FNH:28
FNDA:27,(anonymous_3)
FNDA:12,(anonymous_4)
FNDA:223,(anonymous_5)
FNDA:3,(anonymous_6)
FNDA:18,(anonymous_7)
FNDA:0,(anonymous_8)
FNDA:1,(anonymous_9)
FNDA:3,(anonymous_10)
FNDA:27,(anonymous_11)
FNDA:27,(anonymous_12)
FNDA:58,(anonymous_13)
FNDA:15,(anonymous_14)
FNDA:15,(anonymous_15)
FNDA:1,(anonymous_16)
FNDA:9,(anonymous_17)
FNDA:14,(anonymous_18)
FNDA:7,(anonymous_19)
FNDA:8,(anonymous_20)
FNDA:45,(anonymous_21)
FNDA:84,(anonymous_22)
FNDA:9,(anonymous_23)
FNDA:19,(anonymous_24)
FNDA:9,(anonymous_25)
FNDA:0,(anonymous_26)
FNDA:9,(anonymous_27)
FNDA:0,(anonymous_28)
FNDA:35,(anonymous_29)
FNDA:35,(anonymous_30)
FNDA:0,(anonymous_31)
FNDA:0,(anonymous_32)
FNDA:0,(anonymous_33)
FNDA:0,(anonymous_34)
FNDA:0,(anonymous_35)
FNDA:15,(anonymous_36)
FNDA:58,(anonymous_37)
FNDA:158,(anonymous_38)
DA:1,1
DA:5,12
DA:6,13
DA:7,13
DA:8,13
DA:12,27
DA:14,12
DA:15,12
DA:17,12
DA:20,12
DA:23,12
DA:25,12
DA:26,12
DA:28,0
DA:30,0
DA:31,0
DA:33,12
DA:39,223
DA:44,3
DA:46,3
DA:47,1
DA:50,2
DA:51,2
DA:53,18
DA:59,2
DA:62,2
DA:67,3
DA:70,27
DA:73,3
DA:74,1
DA:78,3
DA:79,27
DA:80,58
DA:83,3
DA:84,3
DA:86,3
DA:89,15
DA:92,15
DA:97,1
DA:99,9
DA:102,14
DA:105,1
DA:106,1
DA:109,7
DA:113,13
DA:116,8
DA:118,8
DA:120,8
DA:123,5
DA:124,45
DA:125,84
DA:126,5
DA:129,1
DA:130,9
DA:131,19
DA:132,1
DA:135,1
DA:137,9
DA:138,9
DA:140,0
DA:141,1
DA:144,1
DA:145,1
DA:147,9
DA:148,9
DA:150,0
DA:151,1
DA:154,0
DA:158,8
DA:161,35
DA:163,35
DA:168,0
DA:169,0
DA:174,0
DA:175,0
DA:176,0
DA:181,15
DA:186,58
DA:192,158
DA:205,1
LF:80
LH:69
BRDA:12,0,0,15
BRDA:12,0,1,12
BRDA:12,1,0,27
BRDA:12,1,1,12
BRDA:46,2,0,1
BRDA:46,2,1,2
BRDA:53,3,0,18
BRDA:53,3,1,17
BRDA:53,3,2,17
BRDA:59,4,0,0
BRDA:59,4,1,0
BRDA:59,5,0,0
BRDA:59,5,1,0
BRDA:66,6,0,0
BRDA:66,7,0,0
BRDA:73,8,0,1
BRDA:73,8,1,2
BRDA:80,9,0,58
BRDA:80,9,1,0
BRDA:80,10,0,58
BRDA:80,10,1,0
BRDA:96,11,0,0
BRDA:96,12,0,0
BRDA:102,13,0,14
BRDA:102,13,1,0
BRDA:102,14,0,14
BRDA:102,14,1,0
BRDA:115,15,0,0
BRDA:115,16,0,8
BRDA:120,17,0,5
BRDA:120,17,1,1
BRDA:120,17,2,1
BRDA:120,17,3,1
BRDA:120,17,4,0
BRDA:125,18,0,84
BRDA:125,18,1,0
BRDA:125,19,0,84
BRDA:125,19,1,0
BRDA:131,20,0,19
BRDA:131,20,1,0
BRDA:131,21,0,19
BRDA:131,21,1,0
BRDA:138,22,0,9
BRDA:138,22,1,9
BRDA:138,22,2,1
BRDA:140,23,0,0
BRDA:140,23,1,0
BRDA:140,24,0,0
BRDA:140,24,1,0
BRDA:148,25,0,9
BRDA:148,25,1,9
BRDA:148,25,2,0
BRDA:150,26,0,0
BRDA:150,26,1,0
BRDA:150,27,0,0
BRDA:150,27,1,0
BRDA:167,28,0,0
BRDA:173,29,0,0
BRDA:191,30,0,58
BRDA:191,30,1,0
BRDA:193,31,0,58
BRDA:193,31,1,0
BRF:62
BRH:31
end_of_record
TN:
SF:lib/omdb-service.ts
FN:373,(anonymous_1)
FN:389,(anonymous_2)
FN:398,(anonymous_3)
FN:403,(anonymous_4)
FN:430,(anonymous_5)
FN:447,(anonymous_6)
FN:467,(anonymous_7)
FN:477,(anonymous_8)
FN:496,(anonymous_9)
FN:511,(anonymous_10)
FN:514,(anonymous_11)
FN:530,(anonymous_12)
FN:547,(anonymous_13)
FN:552,(anonymous_14)
FN:567,(anonymous_15)
FN:567,(anonymous_16)
FN:581,(anonymous_17)
FN:583,(anonymous_18)
FN:617,(anonymous_19)
FN:628,(anonymous_20)
FNF:20
FNH:0
FNDA:0,(anonymous_1)
FNDA:0,(anonymous_2)
FNDA:0,(anonymous_3)
FNDA:0,(anonymous_4)
FNDA:0,(anonymous_5)
FNDA:0,(anonymous_6)
FNDA:0,(anonymous_7)
FNDA:0,(anonymous_8)
FNDA:0,(anonymous_9)
FNDA:0,(anonymous_10)
FNDA:0,(anonymous_11)
FNDA:0,(anonymous_12)
FNDA:0,(anonymous_13)
FNDA:0,(anonymous_14)
FNDA:0,(anonymous_15)
FNDA:0,(anonymous_16)
FNDA:0,(anonymous_17)
FNDA:0,(anonymous_18)
FNDA:0,(anonymous_19)
FNDA:0,(anonymous_20)
DA:54,0
DA:340,0
DA:366,0
DA:367,0
DA:368,0
DA:369,0
DA:370,0
DA:371,0
DA:375,0
DA:379,0
DA:380,0
DA:381,0
DA:382,0
DA:390,0
DA:391,0
DA:392,0
DA:399,0
DA:404,0
DA:406,0
DA:407,0
DA:410,0
DA:411,0
DA:414,0
DA:415,0
DA:416,0
DA:418,0
DA:419,0
DA:421,0
DA:423,0
DA:424,0
DA:425,0
DA:431,0
DA:432,0
DA:435,0
DA:436,0
DA:439,0
DA:440,0
DA:441,0
DA:444,0
DA:445,0
DA:447,0
DA:448,0
DA:451,0
DA:452,0
DA:453,0
DA:455,0
DA:456,0
DA:459,0
DA:461,0
DA:462,0
DA:466,0
DA:467,0
DA:469,0
DA:471,0
DA:472,0
DA:481,0
DA:482,0
DA:486,0
DA:488,0
DA:489,0
DA:490,0
DA:496,0
DA:497,0
DA:499,0
DA:501,0
DA:502,0
DA:507,0
DA:512,0
DA:513,0
DA:515,0
DA:522,0
DA:531,0
DA:533,0
DA:534,0
DA:535,0
DA:540,0
DA:542,0
DA:547,0
DA:548,0
DA:553,0
DA:555,0
DA:556,0
DA:557,0
DA:559,0
DA:560,0
DA:561,0
DA:562,0
DA:565,0
DA:566,0
DA:567,0
DA:569,0
DA:572,0
DA:577,0
DA:582,0
DA:583,0
DA:587,0
DA:592,0
DA:594,0
DA:596,0
DA:618,0
DA:629,0
DA:634,0
LF:102
LH:0
BRDA:379,0,0,0
BRDA:379,0,1,0
BRDA:381,1,0,0
BRDA:381,1,1,0
BRDA:381,2,0,0
BRDA:381,2,1,0
BRDA:391,3,0,0
BRDA:391,3,1,0
BRDA:406,4,0,0
BRDA:406,4,1,0
BRDA:406,5,0,0
BRDA:406,5,1,0
BRDA:410,6,0,0
BRDA:410,6,1,0
BRDA:419,7,0,0
BRDA:419,7,1,0
BRDA:419,7,2,0
BRDA:431,8,0,0
BRDA:431,8,1,0
BRDA:435,9,0,0
BRDA:435,9,1,0
BRDA:440,10,0,0
BRDA:440,10,1,0
BRDA:455,11,0,0
BRDA:455,11,1,0
BRDA:461,12,0,0
BRDA:461,12,1,0
BRDA:462,13,0,0
BRDA:462,13,1,0
BRDA:479,14,0,0
BRDA:481,15,0,0
BRDA:481,15,1,0
BRDA:488,16,0,0
BRDA:488,16,1,0
BRDA:496,17,0,0
BRDA:496,17,1,0
BRDA:497,18,0,0
BRDA:497,18,1,0
BRDA:515,19,0,0
BRDA:515,19,1,0
BRDA:515,19,2,0
BRDA:515,19,3,0
BRDA:515,19,4,0
BRDA:515,19,5,0
BRDA:515,19,6,0
BRDA:515,19,7,0
BRDA:533,20,0,0
BRDA:533,20,1,0
BRDA:548,21,0,0
BRDA:548,21,1,0
BRDA:555,22,0,0
BRDA:555,22,1,0
BRDA:565,23,0,0
BRDA:565,23,1,0
BRDA:581,24,0,0
BRDA:582,25,0,0
BRDA:582,25,1,0
BRDA:583,26,0,0
BRDA:583,26,1,0
BRDA:587,27,0,0
BRDA:587,27,1,0
BRDA:587,28,0,0
BRDA:587,28,1,0
BRDA:592,29,0,0
BRDA:592,29,1,0
BRDA:592,30,0,0
BRDA:592,30,1,0
BRDA:594,31,0,0
BRDA:594,31,1,0
BRDA:602,32,0,0
BRDA:602,32,1,0
BRDA:602,33,0,0
BRDA:602,33,1,0
BRDA:607,34,0,0
BRDA:607,34,1,0
BRDA:607,35,0,0
BRDA:607,35,1,0
BRDA:608,36,0,0
BRDA:608,36,1,0
BRDA:608,37,0,0
BRDA:608,37,1,0
BRDA:609,38,0,0
BRDA:609,38,1,0
BRDA:609,39,0,0
BRDA:609,39,1,0
BRDA:610,40,0,0
BRDA:610,40,1,0
BRDA:610,41,0,0
BRDA:610,41,1,0
BRDA:611,42,0,0
BRDA:611,42,1,0
BRDA:611,43,0,0
BRDA:611,43,1,0
BRF:93
BRH:0
end_of_record
TN:
SF:lib/real-movie-database.ts
FN:464,searchMovies
FN:472,(anonymous_7)
FN:481,getMoviesPage
FN:487,getTotalMoviesCount
FNF:4
FNH:0
FNDA:0,searchMovies
FNDA:0,(anonymous_7)
FNDA:0,getMoviesPage
FNDA:0,getTotalMoviesCount
DA:17,0
DA:39,0
DA:464,0
DA:465,0
DA:466,0
DA:469,0
DA:470,0
DA:473,0
DA:481,0
DA:482,0
DA:483,0
DA:484,0
DA:487,0
DA:488,0
LF:14
LH:0
BRDA:464,0,0,0
BRDA:465,1,0,0
BRDA:465,1,1,0
BRDA:473,2,0,0
BRDA:473,2,1,0
BRDA:473,2,2,0
BRDA:473,2,3,0
BRDA:473,2,4,0
BRDA:473,2,5,0
BRF:9
BRH:0
end_of_record
TN:
SF:lib/real-movies.ts
FNF:0
FNH:0
DA:4,0
DA:27,0
LF:2
LH:0
BRF:0
BRH:0
end_of_record
TN:
SF:lib/tmdb-service.ts
FN:283,(anonymous_1)
FN:290,(anonymous_2)
FN:306,(anonymous_3)
FN:307,(anonymous_4)
FN:320,(anonymous_5)
FN:326,(anonymous_6)
FN:348,(anonymous_7)
FN:362,(anonymous_8)
FN:381,(anonymous_9)
FN:391,(anonymous_10)
FN:414,(anonymous_11)
FN:428,(anonymous_12)
FN:438,(anonymous_13)
FN:442,(anonymous_14)
FN:449,(anonymous_15)
FN:453,(anonymous_16)
FN:454,(anonymous_17)
FN:458,(anonymous_18)
FN:468,(anonymous_19)
FN:479,(anonymous_20)
FN:485,(anonymous_21)
FN:500,(anonymous_22)
FN:504,(anonymous_23)
FN:509,(anonymous_24)
FN:515,(anonymous_25)
FN:518,(anonymous_26)
FN:521,(anonymous_27)
FN:525,(anonymous_28)
FN:534,(anonymous_29)
FN:551,(anonymous_30)
FN:551,(anonymous_31)
FN:556,(anonymous_32)
FN:566,(anonymous_33)
FN:568,(anonymous_34)
FN:587,(anonymous_35)
FN:590,(anonymous_36)
FN:628,(anonymous_37)
FN:639,(anonymous_38)
FNF:38
FNH:0
FNDA:0,(anonymous_1)
FNDA:0,(anonymous_2)
FNDA:0,(anonymous_3)
FNDA:0,(anonymous_4)
FNDA:0,(anonymous_5)
FNDA:0,(anonymous_6)
FNDA:0,(anonymous_7)
FNDA:0,(anonymous_8)
FNDA:0,(anonymous_9)
FNDA:0,(anonymous_10)
FNDA:0,(anonymous_11)
FNDA:0,(anonymous_12)
FNDA:0,(anonymous_13)
FNDA:0,(anonymous_14)
FNDA:0,(anonymous_15)
FNDA:0,(anonymous_16)
FNDA:0,(anonymous_17)
FNDA:0,(anonymous_18)
FNDA:0,(anonymous_19)
FNDA:0,(anonymous_20)
FNDA:0,(anonymous_21)
FNDA:0,(anonymous_22)
FNDA:0,(anonymous_23)
FNDA:0,(anonymous_24)
FNDA:0,(anonymous_25)
FNDA:0,(anonymous_26)
FNDA:0,(anonymous_27)
FNDA:0,(anonymous_28)
FNDA:0,(anonymous_29)
FNDA:0,(anonymous_30)
FNDA:0,(anonymous_31)
FNDA:0,(anonymous_32)
FNDA:0,(anonymous_33)
FNDA:0,(anonymous_34)
FNDA:0,(anonymous_35)
FNDA:0,(anonymous_36)
FNDA:0,(anonymous_37)
FNDA:0,(anonymous_38)
DA:71,0
DA:243,0
DA:275,0
DA:276,0
DA:277,0
DA:279,0
DA:280,0
DA:284,0
DA:285,0
DA:286,0
DA:292,0
DA:295,0
DA:306,0
DA:307,0
DA:308,0
DA:320,0
DA:322,0
DA:327,0
DA:328,0
DA:329,0
DA:332,0
DA:333,0
DA:334,0
DA:336,0
DA:337,0
DA:339,0
DA:341,0
DA:342,0
DA:343,0
DA:349,0
DA:350,0
DA:353,0
DA:354,0
DA:355,0
DA:358,0
DA:359,0
DA:360,0
DA:362,0
DA:363,0
DA:366,0
DA:367,0
DA:368,0
DA:370,0
DA:371,0
DA:374,0
DA:376,0
DA:377,0
DA:380,0
DA:381,0
DA:383,0
DA:385,0
DA:386,0
DA:396,0
DA:397,0
DA:400,0
DA:402,0
DA:403,0
DA:404,0
DA:405,0
DA:406,0
DA:408,0
DA:414,0
DA:415,0
DA:417,0
DA:419,0
DA:420,0
DA:424,0
DA:432,0
DA:435,0
DA:437,0
DA:439,0
DA:442,0
DA:448,0
DA:449,0
DA:453,0
DA:454,0
DA:458,0
DA:460,0
DA:471,0
DA:473,0
DA:474,0
DA:475,0
DA:477,0
DA:478,0
DA:479,0
DA:480,0
DA:483,0
DA:484,0
DA:485,0
DA:486,0
DA:489,0
DA:490,0
DA:493,0
DA:498,0
DA:499,0
DA:500,0
DA:504,0
DA:505,0
DA:515,0
DA:518,0
DA:520,0
DA:521,0
DA:525,0
DA:526,0
DA:528,0
DA:530,0
DA:535,0
DA:537,0
DA:538,0
DA:539,0
DA:540,0
DA:544,0
DA:546,0
DA:551,0
DA:552,0
DA:557,0
DA:558,0
DA:560,0
DA:563,0
DA:565,0
DA:566,0
DA:568,0
DA:571,0
DA:575,0
DA:579,0
DA:580,0
DA:582,0
DA:583,0
DA:584,0
DA:586,0
DA:587,0
DA:588,0
DA:590,0
DA:591,0
DA:594,0
DA:595,0
DA:596,0
DA:597,0
DA:598,0
DA:602,0
DA:603,0
DA:605,0
DA:629,0
DA:640,0
DA:644,0
LF:145
LH:0
BRDA:313,0,0,0
BRDA:313,0,1,0
BRDA:314,1,0,0
BRDA:314,1,1,0
BRDA:328,2,0,0
BRDA:328,2,1,0
BRDA:328,3,0,0
BRDA:328,3,1,0
BRDA:337,4,0,0
BRDA:337,4,1,0
BRDA:348,5,0,0
BRDA:349,6,0,0
BRDA:349,6,1,0
BRDA:354,7,0,0
BRDA:354,7,1,0
BRDA:370,8,0,0
BRDA:370,8,1,0
BRDA:376,9,0,0
BRDA:376,9,1,0
BRDA:377,10,0,0
BRDA:377,10,1,0
BRDA:393,11,0,0
BRDA:394,12,0,0
BRDA:396,13,0,0
BRDA:396,13,1,0
BRDA:402,14,0,0
BRDA:402,14,1,0
BRDA:405,15,0,0
BRDA:405,15,1,0
BRDA:406,16,0,0
BRDA:406,16,1,0
BRDA:414,17,0,0
BRDA:414,17,1,0
BRDA:415,18,0,0
BRDA:415,18,1,0
BRDA:430,19,0,0
BRDA:439,20,0,0
BRDA:439,20,1,0
BRDA:439,20,2,0
BRDA:439,20,3,0
BRDA:439,20,4,0
BRDA:439,20,5,0
BRDA:439,20,6,0
BRDA:439,20,7,0
BRDA:439,20,8,0
BRDA:448,21,0,0
BRDA:448,21,1,0
BRDA:458,22,0,0
BRDA:458,22,1,0
BRDA:458,23,0,0
BRDA:458,23,1,0
BRDA:469,24,0,0
BRDA:473,25,0,0
BRDA:473,25,1,0
BRDA:477,26,0,0
BRDA:477,26,1,0
BRDA:477,27,0,0
BRDA:477,27,1,0
BRDA:479,28,0,0
BRDA:479,28,1,0
BRDA:483,29,0,0
BRDA:483,29,1,0
BRDA:483,30,0,0
BRDA:483,30,1,0
BRDA:485,31,0,0
BRDA:485,31,1,0
BRDA:489,32,0,0
BRDA:489,32,1,0
BRDA:499,33,0,0
BRDA:499,33,1,0
BRDA:511,34,0,0
BRDA:512,35,0,0
BRDA:520,36,0,0
BRDA:520,36,1,0
BRDA:537,37,0,0
BRDA:537,37,1,0
BRDA:539,38,0,0
BRDA:539,38,1,0
BRDA:551,39,0,0
BRDA:551,39,1,0
BRDA:552,40,0,0
BRDA:552,40,1,0
BRDA:556,41,0,0
BRDA:557,42,0,0
BRDA:557,42,1,0
BRDA:557,42,2,0
BRDA:558,43,0,0
BRDA:558,43,1,0
BRDA:560,44,0,0
BRDA:560,44,1,0
BRDA:561,45,0,0
BRDA:561,45,1,0
BRDA:561,45,2,0
BRDA:562,46,0,0
BRDA:562,46,1,0
BRDA:562,46,2,0
BRDA:563,47,0,0
BRDA:563,47,1,0
BRDA:565,48,0,0
BRDA:565,48,1,0
BRDA:566,49,0,0
BRDA:566,49,1,0
BRDA:567,50,0,0
BRDA:567,50,1,0
BRDA:567,51,0,0
BRDA:567,51,1,0
BRDA:571,52,0,0
BRDA:571,52,1,0
BRDA:575,53,0,0
BRDA:575,53,1,0
BRDA:579,54,0,0
BRDA:579,54,1,0
BRDA:580,55,0,0
BRDA:580,55,1,0
BRDA:586,56,0,0
BRDA:586,56,1,0
BRDA:586,57,0,0
BRDA:586,57,1,0
BRDA:587,58,0,0
BRDA:587,58,1,0
BRDA:591,59,0,0
BRDA:591,59,1,0
BRDA:594,60,0,0
BRDA:594,60,1,0
BRDA:595,61,0,0
BRDA:595,61,1,0
BRDA:595,62,0,0
BRDA:595,62,1,0
BRDA:595,62,2,0
BRDA:597,63,0,0
BRDA:597,63,1,0
BRDA:597,64,0,0
BRDA:597,64,1,0
BRDA:597,64,2,0
BRDA:602,65,0,0
BRDA:602,65,1,0
BRDA:602,66,0,0
BRDA:602,66,1,0
BRDA:603,67,0,0
BRDA:603,67,1,0
BRDA:603,68,0,0
BRDA:603,68,1,0
BRDA:611,69,0,0
BRDA:611,69,1,0
BRDA:615,70,0,0
BRDA:615,70,1,0
BRF:146
BRH:0
end_of_record
TN:
SF:lib/tmdb.ts
FN:173,searchMovies
FN:199,(anonymous_6)
FN:219,getMovieDetails
FN:238,(anonymous_8)
FN:244,genreIdToName
FN:249,shuffleArray
FN:259,getPopularMovies
FNF:7
FNH:0
FNDA:0,searchMovies
FNDA:0,(anonymous_6)
FNDA:0,getMovieDetails
FNDA:0,(anonymous_8)
FNDA:0,genreIdToName
FNDA:0,shuffleArray
FNDA:0,getPopularMovies
DA:2,0
DA:3,0
DA:6,0
DA:29,0
DA:173,0
DA:174,0
DA:176,0
DA:189,0
DA:190,0
DA:193,0
DA:194,0
DA:196,0
DA:199,0
DA:200,0
DA:201,0
DA:209,0
DA:211,0
DA:214,0
DA:219,0
DA:220,0
DA:221,0
DA:229,0
DA:230,0
DA:233,0
DA:235,0
DA:238,0
DA:239,0
DA:244,0
DA:245,0
DA:250,0
DA:251,0
DA:252,0
DA:253,0
DA:255,0
DA:259,0
DA:260,0
DA:261,0
DA:269,0
DA:270,0
DA:273,0
DA:274,0
DA:276,0
DA:279,0
LF:43
LH:0
BRDA:189,0,0,0
BRDA:189,0,1,0
BRDA:194,1,0,0
BRDA:194,1,1,0
BRDA:202,2,0,0
BRDA:202,2,1,0
BRDA:202,2,2,0
BRDA:202,2,3,0
BRDA:209,3,0,0
BRDA:209,3,1,0
BRDA:229,4,0,0
BRDA:229,4,1,0
BRDA:239,5,0,0
BRDA:239,5,1,0
BRDA:245,6,0,0
BRDA:245,6,1,0
BRDA:259,7,0,0
BRDA:269,8,0,0
BRDA:269,8,1,0
BRDA:274,9,0,0
BRDA:274,9,1,0
BRF:21
BRH:0
end_of_record
TN:
SF:lib/utils.ts
FN:4,cn
FNF:1
FNH:1
FNDA:176,cn
DA:1,1
DA:2,1
DA:4,176
DA:5,176
LF:4
LH:4
BRF:0
BRH:0
end_of_record
